This file contains any messages produced by compilers while
running configure, to aid debugging if configure makes a mistake.

It was created by mate_netspeed_applet configure 1.2.0, which was
generated by GNU Autoconf 2.68.  Invocation command line was

  $ ./configure LDFLAGS=-ldl --prefix=/usr --sysconfdir=/etc --localstatedir=/var --libexecdir=/usr/lib/mate-netspeed --disable-static --disable-scrollkeeper

## --------- ##
## Platform. ##
## --------- ##

hostname = ARCHBuildMachine
uname -m = i686
uname -r = 3.2.9-1-ARCH
uname -s = Linux
uname -v = #1 SMP PREEMPT Thu Mar 1 09:10:44 UTC 2012

/usr/bin/uname -p = unknown
/bin/uname -X     = unknown

/bin/arch              = unknown
/usr/bin/arch -k       = unknown
/usr/convex/getsysinfo = unknown
/usr/bin/hostinfo      = unknown
/bin/machine           = unknown
/usr/bin/oslevel       = unknown
/bin/universe          = unknown

PATH: /usr/local/bin
PATH: /usr/bin
PATH: /bin
PATH: /usr/local/sbin
PATH: /usr/sbin
PATH: /sbin
PATH: /usr/bin/core_perl


## ----------- ##
## Core tests. ##
## ----------- ##

configure:2321: checking for a BSD-compatible install
configure:2389: result: /bin/install -c
configure:2400: checking whether build environment is sane
configure:2450: result: yes
configure:2591: checking for a thread-safe mkdir -p
configure:2630: result: /bin/mkdir -p
configure:2643: checking for gawk
configure:2659: found /usr/bin/gawk
configure:2670: result: gawk
configure:2681: checking whether make sets $(MAKE)
configure:2703: result: yes
configure:2785: checking whether to enable maintainer-specific portions of Makefiles
configure:2794: result: no
configure:2811: checking whether NLS is requested
configure:2820: result: yes
configure:2836: checking for style of include used by make
configure:2864: result: GNU
configure:2935: checking for gcc
configure:2951: found /usr/bin/gcc
configure:2962: result: gcc
configure:3191: checking for C compiler version
configure:3200: gcc --version >&5
gcc (GCC) 4.6.3
Copyright (C) 2011 Free Software Foundation, Inc.
This is free software; see the source for copying conditions.  There is NO
warranty; not even for MERCHANTABILITY or FITNESS FOR A PARTICULAR PURPOSE.

configure:3211: $? = 0
configure:3200: gcc -v >&5
Using built-in specs.
COLLECT_GCC=gcc
COLLECT_LTO_WRAPPER=/usr/lib/gcc/i686-pc-linux-gnu/4.6.3/lto-wrapper
Target: i686-pc-linux-gnu
Configured with: /build/src/gcc-4.6.3/configure --prefix=/usr --libdir=/usr/lib --libexecdir=/usr/lib --mandir=/usr/share/man --infodir=/usr/share/info --with-bugurl=https://bugs.archlinux.org/ --enable-languages=c,c++,ada,fortran,go,lto,objc,obj-c++ --enable-shared --enable-threads=posix --with-system-zlib --enable-__cxa_atexit --disable-libunwind-exceptions --enable-clocale=gnu --disable-libstdcxx-pch --enable-libstdcxx-time --enable-gnu-unique-object --enable-linker-build-id --with-ppl --enable-cloog-backend=isl --enable-lto --enable-gold --enable-ld=default --enable-plugin --with-plugin-ld=ld.gold --disable-multilib --disable-libssp --enable-checking=release
Thread model: posix
gcc version 4.6.3 (GCC) 
configure:3211: $? = 0
configure:3200: gcc -V >&5
gcc: error: unrecognized option '-V'
gcc: fatal error: no input files
compilation terminated.
configure:3211: $? = 1
configure:3200: gcc -qversion >&5
gcc: error: unrecognized option '-qversion'
gcc: fatal error: no input files
compilation terminated.
configure:3211: $? = 1
configure:3231: checking whether the C compiler works
configure:3253: gcc -march=i686 -mtune=generic -O2 -pipe -fstack-protector --param=ssp-buffer-size=4 -D_FORTIFY_SOURCE=2  -ldl conftest.c  >&5
configure:3257: $? = 0
configure:3305: result: yes
configure:3308: checking for C compiler default output file name
configure:3310: result: a.out
configure:3316: checking for suffix of executables
configure:3323: gcc -o conftest -march=i686 -mtune=generic -O2 -pipe -fstack-protector --param=ssp-buffer-size=4 -D_FORTIFY_SOURCE=2  -ldl conftest.c  >&5
configure:3327: $? = 0
configure:3349: result: 
configure:3371: checking whether we are cross compiling
configure:3379: gcc -o conftest -march=i686 -mtune=generic -O2 -pipe -fstack-protector --param=ssp-buffer-size=4 -D_FORTIFY_SOURCE=2  -ldl conftest.c  >&5
configure:3383: $? = 0
configure:3390: ./conftest
configure:3394: $? = 0
configure:3409: result: no
configure:3414: checking for suffix of object files
configure:3436: gcc -c -march=i686 -mtune=generic -O2 -pipe -fstack-protector --param=ssp-buffer-size=4 -D_FORTIFY_SOURCE=2  conftest.c >&5
configure:3440: $? = 0
configure:3461: result: o
configure:3465: checking whether we are using the GNU C compiler
configure:3484: gcc -c -march=i686 -mtune=generic -O2 -pipe -fstack-protector --param=ssp-buffer-size=4 -D_FORTIFY_SOURCE=2  conftest.c >&5
configure:3484: $? = 0
configure:3493: result: yes
configure:3502: checking whether gcc accepts -g
configure:3522: gcc -c -g  conftest.c >&5
configure:3522: $? = 0
configure:3563: result: yes
configure:3580: checking for gcc option to accept ISO C89
configure:3644: gcc  -c -march=i686 -mtune=generic -O2 -pipe -fstack-protector --param=ssp-buffer-size=4 -D_FORTIFY_SOURCE=2  conftest.c >&5
configure:3644: $? = 0
configure:3657: result: none needed
configure:3679: checking dependency style of gcc
configure:3790: result: gcc3
configure:3817: checking for intltool >= 0.35.0
configure:3824: result: 0.50.1 found
configure:3832: checking for intltool-update
configure:3850: found /usr/bin/intltool-update
configure:3862: result: /usr/bin/intltool-update
configure:3872: checking for intltool-merge
configure:3890: found /usr/bin/intltool-merge
configure:3902: result: /usr/bin/intltool-merge
configure:3912: checking for intltool-extract
configure:3930: found /usr/bin/intltool-extract
configure:3942: result: /usr/bin/intltool-extract
configure:4092: checking for xgettext
configure:4110: found /usr/bin/xgettext
configure:4122: result: /usr/bin/xgettext
configure:4132: checking for msgmerge
configure:4150: found /usr/bin/msgmerge
configure:4162: result: /usr/bin/msgmerge
configure:4172: checking for msgfmt
configure:4190: found /usr/bin/msgfmt
configure:4202: result: /usr/bin/msgfmt
configure:4212: checking for gmsgfmt
configure:4243: result: /usr/bin/msgfmt
configure:4263: checking for perl
configure:4281: found /usr/bin/perl
configure:4293: result: /usr/bin/perl
configure:4304: checking for perl >= 5.8.1
configure:4311: result: 5.14.2
configure:4315: checking for XML::Parser
configure:4318: result: ok
configure:4343: gcc -o conftest -march=i686 -mtune=generic -O2 -pipe -fstack-protector --param=ssp-buffer-size=4 -D_FORTIFY_SOURCE=2  -ldl conftest.c  >&5
configure:4343: $? = 0
configure:4399: checking build system type
configure:4413: result: i686-pc-linux-gnu
configure:4433: checking host system type
configure:4446: result: i686-pc-linux-gnu
configure:4487: checking how to print strings
configure:4514: result: printf
configure:4535: checking for a sed that does not truncate output
configure:4599: result: /bin/sed
configure:4617: checking for grep that handles long lines and -e
configure:4675: result: /usr/bin/grep
configure:4680: checking for egrep
configure:4742: result: /usr/bin/grep -E
configure:4747: checking for fgrep
configure:4809: result: /usr/bin/grep -F
configure:4844: checking for ld used by gcc
configure:4911: result: /usr/bin/ld
configure:4918: checking if the linker (/usr/bin/ld) is GNU ld
configure:4933: result: yes
configure:4945: checking for BSD- or MS-compatible name lister (nm)
configure:4994: result: /usr/bin/nm -B
configure:5124: checking the name lister (/usr/bin/nm -B) interface
configure:5131: gcc -c -march=i686 -mtune=generic -O2 -pipe -fstack-protector --param=ssp-buffer-size=4 -D_FORTIFY_SOURCE=2  conftest.c >&5
configure:5134: /usr/bin/nm -B "conftest.o"
configure:5137: output
00000000 B some_variable
configure:5144: result: BSD nm
configure:5147: checking whether ln -s works
configure:5151: result: yes
configure:5159: checking the maximum length of command line arguments
configure:5289: result: 1572864
configure:5306: checking whether the shell understands some XSI constructs
configure:5316: result: yes
configure:5320: checking whether the shell understands "+="
configure:5326: result: yes
configure:5361: checking how to convert i686-pc-linux-gnu file names to i686-pc-linux-gnu format
configure:5401: result: func_convert_file_noop
configure:5408: checking how to convert i686-pc-linux-gnu file names to toolchain format
configure:5428: result: func_convert_file_noop
configure:5435: checking for /usr/bin/ld option to reload object files
configure:5442: result: -r
configure:5516: checking for objdump
configure:5532: found /usr/bin/objdump
configure:5543: result: objdump
configure:5575: checking how to recognize dependent libraries
configure:5777: result: pass_all
configure:5862: checking for dlltool
configure:5892: result: no
configure:5922: checking how to associate runtime and link libraries
configure:5949: result: printf %s\n
configure:6009: checking for ar
configure:6025: found /usr/bin/ar
configure:6036: result: ar
configure:6073: checking for archiver @FILE support
configure:6090: gcc -c -march=i686 -mtune=generic -O2 -pipe -fstack-protector --param=ssp-buffer-size=4 -D_FORTIFY_SOURCE=2  conftest.c >&5
configure:6090: $? = 0
configure:6093: ar cru libconftest.a @conftest.lst >&5
configure:6096: $? = 0
configure:6101: ar cru libconftest.a @conftest.lst >&5
ar: conftest.o: No such file or directory
configure:6104: $? = 1
configure:6116: result: @
configure:6174: checking for strip
configure:6190: found /usr/bin/strip
configure:6201: result: strip
configure:6273: checking for ranlib
configure:6289: found /usr/bin/ranlib
configure:6300: result: ranlib
configure:6402: checking command to parse /usr/bin/nm -B output from gcc object
configure:6522: gcc -c -march=i686 -mtune=generic -O2 -pipe -fstack-protector --param=ssp-buffer-size=4 -D_FORTIFY_SOURCE=2  conftest.c >&5
configure:6525: $? = 0
configure:6529: /usr/bin/nm -B conftest.o \| sed -n -e 's/^.*[ ]\([ABCDGIRSTW][ABCDGIRSTW]*\)[ ][ ]*\([_A-Za-z][_A-Za-z0-9]*\)$/\1 \2 \2/p' | sed '/ __gnu_lto/d' \> conftest.nm
configure:6532: $? = 0
configure:6598: gcc -o conftest -march=i686 -mtune=generic -O2 -pipe -fstack-protector --param=ssp-buffer-size=4 -D_FORTIFY_SOURCE=2  -ldl conftest.c conftstm.o >&5
configure:6601: $? = 0
configure:6639: result: ok
configure:6676: checking for sysroot
configure:6706: result: no
configure:6962: checking for mt
configure:6992: result: no
configure:7012: checking if : is a manifest tool
configure:7018: : '-?'
configure:7026: result: no
configure:7668: checking how to run the C preprocessor
configure:7699: gcc -E  conftest.c
configure:7699: $? = 0
configure:7713: gcc -E  conftest.c
conftest.c:11:28: fatal error: ac_nonexistent.h: No such file or directory
compilation terminated.
configure:7713: $? = 1
configure: failed program was:
| /* confdefs.h */
| #define PACKAGE_NAME "mate_netspeed_applet"
| #define PACKAGE_TARNAME "mate_netspeed_applet"
| #define PACKAGE_VERSION "1.2.0"
| #define PACKAGE_STRING "mate_netspeed_applet 1.2.0"
| #define PACKAGE_BUGREPORT "https://github.com/mate-desktop/mate-netspeed"
| #define PACKAGE_URL ""
| #define PACKAGE "mate_netspeed_applet"
| #define VERSION "1.2.0"
| /* end confdefs.h.  */
| #include <ac_nonexistent.h>
configure:7738: result: gcc -E
configure:7758: gcc -E  conftest.c
configure:7758: $? = 0
configure:7772: gcc -E  conftest.c
conftest.c:11:28: fatal error: ac_nonexistent.h: No such file or directory
compilation terminated.
configure:7772: $? = 1
configure: failed program was:
| /* confdefs.h */
| #define PACKAGE_NAME "mate_netspeed_applet"
| #define PACKAGE_TARNAME "mate_netspeed_applet"
| #define PACKAGE_VERSION "1.2.0"
| #define PACKAGE_STRING "mate_netspeed_applet 1.2.0"
| #define PACKAGE_BUGREPORT "https://github.com/mate-desktop/mate-netspeed"
| #define PACKAGE_URL ""
| #define PACKAGE "mate_netspeed_applet"
| #define VERSION "1.2.0"
| /* end confdefs.h.  */
| #include <ac_nonexistent.h>
configure:7801: checking for ANSI C header files
configure:7821: gcc -c -march=i686 -mtune=generic -O2 -pipe -fstack-protector --param=ssp-buffer-size=4 -D_FORTIFY_SOURCE=2  conftest.c >&5
configure:7821: $? = 0
configure:7894: gcc -o conftest -march=i686 -mtune=generic -O2 -pipe -fstack-protector --param=ssp-buffer-size=4 -D_FORTIFY_SOURCE=2  -ldl conftest.c  >&5
configure:7894: $? = 0
configure:7894: ./conftest
configure:7894: $? = 0
configure:7905: result: yes
configure:7918: checking for sys/types.h
configure:7918: gcc -c -march=i686 -mtune=generic -O2 -pipe -fstack-protector --param=ssp-buffer-size=4 -D_FORTIFY_SOURCE=2  conftest.c >&5
configure:7918: $? = 0
configure:7918: result: yes
configure:7918: checking for sys/stat.h
configure:7918: gcc -c -march=i686 -mtune=generic -O2 -pipe -fstack-protector --param=ssp-buffer-size=4 -D_FORTIFY_SOURCE=2  conftest.c >&5
configure:7918: $? = 0
configure:7918: result: yes
configure:7918: checking for stdlib.h
configure:7918: gcc -c -march=i686 -mtune=generic -O2 -pipe -fstack-protector --param=ssp-buffer-size=4 -D_FORTIFY_SOURCE=2  conftest.c >&5
configure:7918: $? = 0
configure:7918: result: yes
configure:7918: checking for string.h
configure:7918: gcc -c -march=i686 -mtune=generic -O2 -pipe -fstack-protector --param=ssp-buffer-size=4 -D_FORTIFY_SOURCE=2  conftest.c >&5
configure:7918: $? = 0
configure:7918: result: yes
configure:7918: checking for memory.h
configure:7918: gcc -c -march=i686 -mtune=generic -O2 -pipe -fstack-protector --param=ssp-buffer-size=4 -D_FORTIFY_SOURCE=2  conftest.c >&5
configure:7918: $? = 0
configure:7918: result: yes
configure:7918: checking for strings.h
configure:7918: gcc -c -march=i686 -mtune=generic -O2 -pipe -fstack-protector --param=ssp-buffer-size=4 -D_FORTIFY_SOURCE=2  conftest.c >&5
configure:7918: $? = 0
configure:7918: result: yes
configure:7918: checking for inttypes.h
configure:7918: gcc -c -march=i686 -mtune=generic -O2 -pipe -fstack-protector --param=ssp-buffer-size=4 -D_FORTIFY_SOURCE=2  conftest.c >&5
configure:7918: $? = 0
configure:7918: result: yes
configure:7918: checking for stdint.h
configure:7918: gcc -c -march=i686 -mtune=generic -O2 -pipe -fstack-protector --param=ssp-buffer-size=4 -D_FORTIFY_SOURCE=2  conftest.c >&5
configure:7918: $? = 0
configure:7918: result: yes
configure:7918: checking for unistd.h
configure:7918: gcc -c -march=i686 -mtune=generic -O2 -pipe -fstack-protector --param=ssp-buffer-size=4 -D_FORTIFY_SOURCE=2  conftest.c >&5
configure:7918: $? = 0
configure:7918: result: yes
configure:7932: checking for dlfcn.h
configure:7932: gcc -c -march=i686 -mtune=generic -O2 -pipe -fstack-protector --param=ssp-buffer-size=4 -D_FORTIFY_SOURCE=2  conftest.c >&5
configure:7932: $? = 0
configure:7932: result: yes
configure:8138: checking for objdir
configure:8153: result: .libs
configure:8424: checking if gcc supports -fno-rtti -fno-exceptions
configure:8442: gcc -c -march=i686 -mtune=generic -O2 -pipe -fstack-protector --param=ssp-buffer-size=4 -D_FORTIFY_SOURCE=2  -fno-rtti -fno-exceptions conftest.c >&5
cc1: warning: command line option '-fno-rtti' is valid for C++/ObjC++ but not for C [enabled by default]
configure:8446: $? = 0
configure:8459: result: no
configure:8786: checking for gcc option to produce PIC
configure:8793: result: -fPIC -DPIC
configure:8801: checking if gcc PIC flag -fPIC -DPIC works
configure:8819: gcc -c -march=i686 -mtune=generic -O2 -pipe -fstack-protector --param=ssp-buffer-size=4 -D_FORTIFY_SOURCE=2  -fPIC -DPIC -DPIC conftest.c >&5
configure:8823: $? = 0
configure:8836: result: yes
configure:8865: checking if gcc static flag -static works
configure:8893: result: yes
configure:8908: checking if gcc supports -c -o file.o
configure:8929: gcc -c -march=i686 -mtune=generic -O2 -pipe -fstack-protector --param=ssp-buffer-size=4 -D_FORTIFY_SOURCE=2  -o out/conftest2.o conftest.c >&5
configure:8933: $? = 0
configure:8955: result: yes
configure:8963: checking if gcc supports -c -o file.o
configure:9010: result: yes
configure:9043: checking whether the gcc linker (/usr/bin/ld) supports shared libraries
configure:10196: result: yes
configure:10233: checking whether -lc should be explicitly linked in
configure:10241: gcc -c -march=i686 -mtune=generic -O2 -pipe -fstack-protector --param=ssp-buffer-size=4 -D_FORTIFY_SOURCE=2  conftest.c >&5
configure:10244: $? = 0
configure:10259: gcc -shared  -fPIC -DPIC conftest.o  -v -Wl,-soname -Wl,conftest -o conftest 2\>\&1 \| /usr/bin/grep  -lc  \>/dev/null 2\>\&1
configure:10262: $? = 0
configure:10276: result: no
configure:10436: checking dynamic linker characteristics
configure:10947: gcc -o conftest -march=i686 -mtune=generic -O2 -pipe -fstack-protector --param=ssp-buffer-size=4 -D_FORTIFY_SOURCE=2  -ldl -Wl,-rpath -Wl,/foo conftest.c  >&5
configure:10947: $? = 0
configure:11169: result: GNU/Linux ld.so
configure:11276: checking how to hardcode library paths into programs
configure:11301: result: immediate
configure:11841: checking whether stripping libraries is possible
configure:11846: result: yes
configure:11881: checking if libtool supports shared libraries
configure:11883: result: yes
configure:11886: checking whether to build shared libraries
configure:11907: result: yes
configure:11910: checking whether to build static libraries
configure:11914: result: no
configure:11951: checking for library containing strerror
configure:11982: gcc -o conftest -march=i686 -mtune=generic -O2 -pipe -fstack-protector --param=ssp-buffer-size=4 -D_FORTIFY_SOURCE=2  -ldl conftest.c  >&5
configure:11982: $? = 0
configure:11999: result: none required
configure:12055: checking for gcc
configure:12082: result: gcc
configure:12311: checking for C compiler version
configure:12320: gcc --version >&5
gcc (GCC) 4.6.3
Copyright (C) 2011 Free Software Foundation, Inc.
This is free software; see the source for copying conditions.  There is NO
warranty; not even for MERCHANTABILITY or FITNESS FOR A PARTICULAR PURPOSE.

configure:12331: $? = 0
configure:12320: gcc -v >&5
Using built-in specs.
COLLECT_GCC=gcc
COLLECT_LTO_WRAPPER=/usr/lib/gcc/i686-pc-linux-gnu/4.6.3/lto-wrapper
Target: i686-pc-linux-gnu
Configured with: /build/src/gcc-4.6.3/configure --prefix=/usr --libdir=/usr/lib --libexecdir=/usr/lib --mandir=/usr/share/man --infodir=/usr/share/info --with-bugurl=https://bugs.archlinux.org/ --enable-languages=c,c++,ada,fortran,go,lto,objc,obj-c++ --enable-shared --enable-threads=posix --with-system-zlib --enable-__cxa_atexit --disable-libunwind-exceptions --enable-clocale=gnu --disable-libstdcxx-pch --enable-libstdcxx-time --enable-gnu-unique-object --enable-linker-build-id --with-ppl --enable-cloog-backend=isl --enable-lto --enable-gold --enable-ld=default --enable-plugin --with-plugin-ld=ld.gold --disable-multilib --disable-libssp --enable-checking=release
Thread model: posix
gcc version 4.6.3 (GCC) 
configure:12331: $? = 0
configure:12320: gcc -V >&5
gcc: error: unrecognized option '-V'
gcc: fatal error: no input files
compilation terminated.
configure:12331: $? = 1
configure:12320: gcc -qversion >&5
gcc: error: unrecognized option '-qversion'
gcc: fatal error: no input files
compilation terminated.
configure:12331: $? = 1
configure:12335: checking whether we are using the GNU C compiler
configure:12363: result: yes
configure:12372: checking whether gcc accepts -g
configure:12433: result: yes
configure:12450: checking for gcc option to accept ISO C89
configure:12527: result: none needed
configure:12549: checking dependency style of gcc
configure:12660: result: gcc3
configure:12676: checking whether make sets $(MAKE)
configure:12698: result: yes
configure:12711: checking locale.h usability
configure:12711: gcc -c -march=i686 -mtune=generic -O2 -pipe -fstack-protector --param=ssp-buffer-size=4 -D_FORTIFY_SOURCE=2  conftest.c >&5
configure:12711: $? = 0
configure:12711: result: yes
configure:12711: checking locale.h presence
configure:12711: gcc -E  conftest.c
configure:12711: $? = 0
configure:12711: result: yes
configure:12711: checking for locale.h
configure:12711: result: yes
configure:12722: checking for LC_MESSAGES
configure:12738: gcc -o conftest -march=i686 -mtune=generic -O2 -pipe -fstack-protector --param=ssp-buffer-size=4 -D_FORTIFY_SOURCE=2  -ldl conftest.c  >&5
configure:12738: $? = 0
configure:12746: result: yes
configure:12763: checking libintl.h usability
configure:12763: gcc -c -march=i686 -mtune=generic -O2 -pipe -fstack-protector --param=ssp-buffer-size=4 -D_FORTIFY_SOURCE=2  conftest.c >&5
configure:12763: $? = 0
configure:12763: result: yes
configure:12763: checking libintl.h presence
configure:12763: gcc -E  conftest.c
configure:12763: $? = 0
configure:12763: result: yes
configure:12763: checking for libintl.h
configure:12763: result: yes
configure:12771: checking for ngettext in libc
configure:12789: gcc -o conftest -march=i686 -mtune=generic -O2 -pipe -fstack-protector --param=ssp-buffer-size=4 -D_FORTIFY_SOURCE=2  -ldl conftest.c  >&5
configure:12789: $? = 0
configure:12798: result: yes
configure:12802: checking for dgettext in libc
configure:12820: gcc -o conftest -march=i686 -mtune=generic -O2 -pipe -fstack-protector --param=ssp-buffer-size=4 -D_FORTIFY_SOURCE=2  -ldl conftest.c  >&5
configure:12820: $? = 0
configure:12829: result: yes
configure:12836: checking for bind_textdomain_codeset
configure:12836: gcc -o conftest -march=i686 -mtune=generic -O2 -pipe -fstack-protector --param=ssp-buffer-size=4 -D_FORTIFY_SOURCE=2  -ldl conftest.c  >&5
configure:12836: $? = 0
configure:12836: result: yes
configure:13112: checking for msgfmt
configure:13139: result: /usr/bin/msgfmt
configure:13150: checking for dcgettext
configure:13150: gcc -o conftest -march=i686 -mtune=generic -O2 -pipe -fstack-protector --param=ssp-buffer-size=4 -D_FORTIFY_SOURCE=2  -ldl conftest.c   >&5
conftest.c:50:6: warning: conflicting types for built-in function 'dcgettext' [enabled by default]
configure:13150: $? = 0
configure:13150: result: yes
configure:13160: checking if msgfmt accepts -c
configure:13175: $MSGFMT -c -o /dev/null conftest.foo
configure:13178: $? = 0
configure:13180: result: yes
configure:13190: checking for gmsgfmt
configure:13221: result: /usr/bin/msgfmt
configure:13231: checking for xgettext
configure:13258: result: /usr/bin/xgettext
configure:13277: gcc -o conftest -march=i686 -mtune=generic -O2 -pipe -fstack-protector --param=ssp-buffer-size=4 -D_FORTIFY_SOURCE=2  -ldl conftest.c   >&5
configure:13277: $? = 0
configure:13478: checking for pkg-config
configure:13496: found /usr/bin/pkg-config
configure:13508: result: /usr/bin/pkg-config
configure:13533: checking pkg-config is at least version 0.9.0
configure:13536: result: yes
configure:13546: checking for NETSPEED
configure:13553: $PKG_CONFIG --exists --print-errors "libmatepanelapplet-2.0 libgtop-2.0 >= 2.14.2"
configure:13556: $? = 0
configure:13570: $PKG_CONFIG --exists --print-errors "libmatepanelapplet-2.0 libgtop-2.0 >= 2.14.2"
configure:13573: $? = 0
configure:13631: result: yes
configure:13642: checking mate-doc-utils >= 0.3.2
configure:13645: $PKG_CONFIG --exists --print-errors "mate-doc-utils >= $gdu_cv_version_required"
configure:13648: $? = 0
configure:13656: result: yes
configure:13730: checking for wireless-tools >= 28pre9
configure:13740: gcc -c -march=i686 -mtune=generic -O2 -pipe -fstack-protector --param=ssp-buffer-size=4 -D_FORTIFY_SOURCE=2  conftest.c >&5
configure:13740: $? = 0
configure:13745: result: yes
configure:13907: creating ./config.status

## ---------------------- ##
## Running config.status. ##
## ---------------------- ##

This file was extended by mate_netspeed_applet config.status 1.2.0, which was
generated by GNU Autoconf 2.68.  Invocation command line was

  CONFIG_FILES    = 
  CONFIG_HEADERS  = 
  CONFIG_LINKS    = 
  CONFIG_COMMANDS = 
  $ ./config.status 

on ARCHBuildMachine

config.status:1211: creating mate_netspeed_applet.spec
config.status:1211: creating Makefile
config.status:1211: creating icons/Makefile
config.status:1211: creating icons/16x16/Makefile
config.status:1211: creating icons/16x16/apps/Makefile
config.status:1211: creating icons/16x16/devices/Makefile
config.status:1211: creating icons/22x22/Makefile
config.status:1211: creating icons/22x22/apps/Makefile
config.status:1211: creating icons/24x24/Makefile
config.status:1211: creating icons/24x24/apps/Makefile
config.status:1211: creating icons/24x24/status/Makefile
config.status:1211: creating icons/32x32/Makefile
config.status:1211: creating icons/32x32/apps/Makefile
config.status:1211: creating icons/48x48/Makefile
config.status:1211: creating icons/48x48/apps/Makefile
config.status:1211: creating icons/scalable/Makefile
config.status:1211: creating icons/scalable/apps/Makefile
config.status:1211: creating src/Makefile
config.status:1211: creating po/Makefile.in
config.status:1211: creating help/Makefile
config.status:1211: creating config.h
config.status:1392: config.h is unchanged
config.status:1440: executing depfiles commands
config.status:1440: executing libtool commands
config.status:1440: executing default-1 commands
config.status:1440: executing po/stamp-it commands

## ---------------- ##
## Cache variables. ##
## ---------------- ##

ac_cv_build=i686-pc-linux-gnu
ac_cv_c_compiler_gnu=yes
ac_cv_env_CC_set=
ac_cv_env_CC_value=
ac_cv_env_CFLAGS_set=set
ac_cv_env_CFLAGS_value='-march=i686 -mtune=generic -O2 -pipe -fstack-protector --param=ssp-buffer-size=4 -D_FORTIFY_SOURCE=2'
ac_cv_env_CPPFLAGS_set=
ac_cv_env_CPPFLAGS_value=
ac_cv_env_CPP_set=
ac_cv_env_CPP_value=
ac_cv_env_LDFLAGS_set=set
ac_cv_env_LDFLAGS_value=-ldl
ac_cv_env_LIBS_set=
ac_cv_env_LIBS_value=
ac_cv_env_NETSPEED_CFLAGS_set=
ac_cv_env_NETSPEED_CFLAGS_value=
ac_cv_env_NETSPEED_LIBS_set=
ac_cv_env_NETSPEED_LIBS_value=
ac_cv_env_PKG_CONFIG_LIBDIR_set=
ac_cv_env_PKG_CONFIG_LIBDIR_value=
ac_cv_env_PKG_CONFIG_PATH_set=
ac_cv_env_PKG_CONFIG_PATH_value=
ac_cv_env_PKG_CONFIG_set=
ac_cv_env_PKG_CONFIG_value=
ac_cv_env_build_alias_set=
ac_cv_env_build_alias_value=
ac_cv_env_host_alias_set=
ac_cv_env_host_alias_value=
ac_cv_env_target_alias_set=
ac_cv_env_target_alias_value=
ac_cv_func_bind_textdomain_codeset=yes
ac_cv_func_dcgettext=yes
ac_cv_header_dlfcn_h=yes
ac_cv_header_inttypes_h=yes
ac_cv_header_libintl_h=yes
ac_cv_header_locale_h=yes
ac_cv_header_memory_h=yes
ac_cv_header_stdc=yes
ac_cv_header_stdint_h=yes
ac_cv_header_stdlib_h=yes
ac_cv_header_string_h=yes
ac_cv_header_strings_h=yes
ac_cv_header_sys_stat_h=yes
ac_cv_header_sys_types_h=yes
ac_cv_header_unistd_h=yes
ac_cv_host=i686-pc-linux-gnu
ac_cv_objext=o
ac_cv_path_EGREP='/usr/bin/grep -E'
ac_cv_path_FGREP='/usr/bin/grep -F'
ac_cv_path_GMSGFMT=/usr/bin/msgfmt
ac_cv_path_GREP=/usr/bin/grep
ac_cv_path_INTLTOOL_EXTRACT=/usr/bin/intltool-extract
ac_cv_path_INTLTOOL_MERGE=/usr/bin/intltool-merge
ac_cv_path_INTLTOOL_PERL=/usr/bin/perl
ac_cv_path_INTLTOOL_UPDATE=/usr/bin/intltool-update
ac_cv_path_MSGFMT=/usr/bin/msgfmt
ac_cv_path_MSGMERGE=/usr/bin/msgmerge
ac_cv_path_SED=/bin/sed
ac_cv_path_XGETTEXT=/usr/bin/xgettext
ac_cv_path_ac_pt_PKG_CONFIG=/usr/bin/pkg-config
ac_cv_path_install='/bin/install -c'
ac_cv_path_mkdir=/bin/mkdir
ac_cv_prog_AWK=gawk
ac_cv_prog_CPP='gcc -E'
ac_cv_prog_ac_ct_AR=ar
ac_cv_prog_ac_ct_CC=gcc
ac_cv_prog_ac_ct_OBJDUMP=objdump
ac_cv_prog_ac_ct_RANLIB=ranlib
ac_cv_prog_ac_ct_STRIP=strip
ac_cv_prog_cc_c89=
ac_cv_prog_cc_g=yes
ac_cv_prog_make_make_set=yes
ac_cv_search_strerror='none required'
am_cv_CC_dependencies_compiler_type=gcc3
am_cv_val_LC_MESSAGES=yes
gdu_cv_have_gdu=yes
gdu_cv_version_required=0.3.2
gt_cv_func_dgettext_libc=yes
gt_cv_func_dgettext_libintl=no
gt_cv_func_ngettext_libc=yes
gt_cv_have_gettext=yes
lt_cv_ar_at_file=@
lt_cv_archive_cmds_need_lc=no
lt_cv_deplibs_check_method=pass_all
lt_cv_file_magic_cmd='$MAGIC_CMD'
lt_cv_file_magic_test_file=
lt_cv_ld_reload_flag=-r
lt_cv_nm_interface='BSD nm'
lt_cv_objdir=.libs
lt_cv_path_LD=/usr/bin/ld
lt_cv_path_NM='/usr/bin/nm -B'
lt_cv_path_mainfest_tool=no
lt_cv_prog_compiler_c_o=yes
lt_cv_prog_compiler_pic='-fPIC -DPIC'
lt_cv_prog_compiler_pic_works=yes
lt_cv_prog_compiler_rtti_exceptions=no
lt_cv_prog_compiler_static_works=yes
lt_cv_prog_gnu_ld=yes
lt_cv_sharedlib_from_linklib_cmd='printf %s\n'
lt_cv_shlibpath_overrides_runpath=no
lt_cv_sys_global_symbol_pipe='sed -n -e '\''s/^.*[	 ]\([ABCDGIRSTW][ABCDGIRSTW]*\)[	 ][	 ]*\([_A-Za-z][_A-Za-z0-9]*\)$/\1 \2 \2/p'\'' | sed '\''/ __gnu_lto/d'\'''
lt_cv_sys_global_symbol_to_c_name_address='sed -n -e '\''s/^: \([^ ]*\)[ ]*$/  {\"\1\", (void *) 0},/p'\'' -e '\''s/^[ABCDGIRSTW]* \([^ ]*\) \([^ ]*\)$/  {"\2", (void *) \&\2},/p'\'''
lt_cv_sys_global_symbol_to_c_name_address_lib_prefix='sed -n -e '\''s/^: \([^ ]*\)[ ]*$/  {\"\1\", (void *) 0},/p'\'' -e '\''s/^[ABCDGIRSTW]* \([^ ]*\) \(lib[^ ]*\)$/  {"\2", (void *) \&\2},/p'\'' -e '\''s/^[ABCDGIRSTW]* \([^ ]*\) \([^ ]*\)$/  {"lib\2", (void *) \&\2},/p'\'''
lt_cv_sys_global_symbol_to_cdecl='sed -n -e '\''s/^T .* \(.*\)$/extern int \1();/p'\'' -e '\''s/^[ABCDGIRSTW]* .* \(.*\)$/extern char \1;/p'\'''
lt_cv_sys_max_cmd_len=1572864
lt_cv_to_host_file_cmd=func_convert_file_noop
lt_cv_to_tool_file_cmd=func_convert_file_noop
pkg_cv_NETSPEED_CFLAGS='-DMATECORBA2=1 -pthread -I/usr/include/panel-2.0 -I/usr/include/mateconf/2 -I/usr/include/gtk-2.0 -I/usr/include/libmatecomponentui-2.0 -I/usr/include/matecorba-2.0 -I/usr/include/glib-2.0 -I/usr/lib/glib-2.0/include -I/usr/lib/gtk-2.0/include -I/usr/include/atk-1.0 -I/usr/include/cairo -I/usr/include/gdk-pixbuf-2.0 -I/usr/include/pango-1.0 -I/usr/include/pixman-1 -I/usr/include/freetype2 -I/usr/include/libpng15 -I/usr/include/libxml2 -I/usr/include/libmatecomponent-2.0 -I/usr/include/libmatecanvas-2.0 -I/usr/include/libmate-2.0 -I/usr/include/matecomponent-activation-2.0 -I/usr/include/gail-1.0 -I/usr/include/libart-2.0 -I/usr/include/mate-vfs-2.0 -I/usr/lib/mate-vfs-2.0/include -I/usr/include/libgtop-2.0  '
pkg_cv_NETSPEED_LIBS='-pthread -lmate-panel-applet-2 -lmateconf-2 -lmatecomponentui-2 -lmatecanvas-2 -lmate-2 -lpopt -lart_lgpl_2 -lgtk-x11-2.0 -lgdk-x11-2.0 -latk-1.0 -lgio-2.0 -lpangoft2-1.0 -lpangocairo-1.0 -lgdk_pixbuf-2.0 -lcairo -lpango-1.0 -lfreetype -lfontconfig -lmatecomponent-2 -lmatecomponent-activation -lgmodule-2.0 -lMateCORBA-2 -lgobject-2.0 -lgthread-2.0 -lrt -lgtop-2.0 -lglib-2.0  '

## ----------------- ##
## Output variables. ##
## ----------------- ##

ACLOCAL='${SHELL} /ARCH_Builds/archlinux-packages/mate-netspeed/src/mate-netspeed-1.2.0/missing --run aclocal-1.11'
ALL_LINGUAS=''
AMDEPBACKSLASH='\'
AMDEP_FALSE='#'
AMDEP_TRUE=''
AMTAR='$${TAR-tar}'
AM_DEFAULT_VERBOSITY='1'
AR='ar'
AUTOCONF='${SHELL} /ARCH_Builds/archlinux-packages/mate-netspeed/src/mate-netspeed-1.2.0/missing --run autoconf'
AUTOHEADER='${SHELL} /ARCH_Builds/archlinux-packages/mate-netspeed/src/mate-netspeed-1.2.0/missing --run autoheader'
AUTOMAKE='${SHELL} /ARCH_Builds/archlinux-packages/mate-netspeed/src/mate-netspeed-1.2.0/missing --run automake-1.11'
AWK='gawk'
CATALOGS=''
CATOBJEXT='.gmo'
CC='gcc'
CCDEPMODE='depmode=gcc3'
CFLAGS='-march=i686 -mtune=generic -O2 -pipe -fstack-protector --param=ssp-buffer-size=4 -D_FORTIFY_SOURCE=2'
CPP='gcc -E'
CPPFLAGS=''
CYGPATH_W='echo'
DATADIRNAME='share'
DEFS='-DHAVE_CONFIG_H'
DEPDIR='.deps'
DISTCHECK_CONFIGURE_FLAGS='--disable-scrollkeeper '
DLLTOOL='false'
DOC_USER_FORMATS=''
DSYMUTIL=''
DUMPBIN=''
ECHO_C=''
ECHO_N='-n'
ECHO_T=''
EGREP='/usr/bin/grep -E'
ENABLE_SK_FALSE=''
ENABLE_SK_TRUE='#'
EXEEXT=''
FGREP='/usr/bin/grep -F'
GETTEXT_PACKAGE='mate-netspeed'
GMOFILES=''
GMSGFMT='/usr/bin/msgfmt'
GREP='/usr/bin/grep'
HAVE_MATE_DOC_UTILS_FALSE='#'
HAVE_MATE_DOC_UTILS_TRUE=''
HELP_DIR='${datadir}/mate/help'
INSTALL_DATA='${INSTALL} -m 644'
INSTALL_PROGRAM='${INSTALL}'
INSTALL_SCRIPT='${INSTALL}'
INSTALL_STRIP_PROGRAM='$(install_sh) -c -s'
INSTOBJEXT='.mo'
INTLLIBS=''
INTLTOOL_CAVES_RULE='%.caves:     %.caves.in     $(INTLTOOL_MERGE) $(wildcard $(top_srcdir)/po/*.po) ; $(INTLTOOL_V_MERGE)LC_ALL=C $(INTLTOOL_MERGE) $(INTLTOOL_V_MERGE_OPTIONS) -d -u -c $(top_builddir)/po/.intltool-merge-cache $(top_srcdir)/po $< $@'
INTLTOOL_DESKTOP_RULE='%.desktop:   %.desktop.in   $(INTLTOOL_MERGE) $(wildcard $(top_srcdir)/po/*.po) ; $(INTLTOOL_V_MERGE)LC_ALL=C $(INTLTOOL_MERGE) $(INTLTOOL_V_MERGE_OPTIONS) -d -u -c $(top_builddir)/po/.intltool-merge-cache $(top_srcdir)/po $< $@'
INTLTOOL_DIRECTORY_RULE='%.directory: %.directory.in $(INTLTOOL_MERGE) $(wildcard $(top_srcdir)/po/*.po) ; $(INTLTOOL_V_MERGE)LC_ALL=C $(INTLTOOL_MERGE) $(INTLTOOL_V_MERGE_OPTIONS) -d -u -c $(top_builddir)/po/.intltool-merge-cache $(top_srcdir)/po $< $@'
INTLTOOL_EXTRACT='/usr/bin/intltool-extract'
INTLTOOL_KBD_RULE='%.kbd:       %.kbd.in       $(INTLTOOL_MERGE) $(wildcard $(top_srcdir)/po/*.po) ; $(INTLTOOL_V_MERGE)LC_ALL=C $(INTLTOOL_MERGE) $(INTLTOOL_V_MERGE_OPTIONS) -x -u -m -c $(top_builddir)/po/.intltool-merge-cache $(top_srcdir)/po $< $@'
INTLTOOL_KEYS_RULE='%.keys:      %.keys.in      $(INTLTOOL_MERGE) $(wildcard $(top_srcdir)/po/*.po) ; $(INTLTOOL_V_MERGE)LC_ALL=C $(INTLTOOL_MERGE) $(INTLTOOL_V_MERGE_OPTIONS) -k -u -c $(top_builddir)/po/.intltool-merge-cache $(top_srcdir)/po $< $@'
INTLTOOL_MERGE='/usr/bin/intltool-merge'
INTLTOOL_OAF_RULE='%.oaf:       %.oaf.in       $(INTLTOOL_MERGE) $(wildcard $(top_srcdir)/po/*.po) ; $(INTLTOOL_V_MERGE)LC_ALL=C $(INTLTOOL_MERGE) $(INTLTOOL_V_MERGE_OPTIONS) -o -p $(top_srcdir)/po $< $@'
INTLTOOL_PERL='/usr/bin/perl'
INTLTOOL_POLICY_RULE='%.policy:    %.policy.in    $(INTLTOOL_MERGE) $(wildcard $(top_srcdir)/po/*.po) ; $(INTLTOOL_V_MERGE)LC_ALL=C $(INTLTOOL_MERGE) $(INTLTOOL_V_MERGE_OPTIONS) -x -u -c $(top_builddir)/po/.intltool-merge-cache $(top_srcdir)/po $< $@'
INTLTOOL_PONG_RULE='%.pong:      %.pong.in      $(INTLTOOL_MERGE) $(wildcard $(top_srcdir)/po/*.po) ; $(INTLTOOL_V_MERGE)LC_ALL=C $(INTLTOOL_MERGE) $(INTLTOOL_V_MERGE_OPTIONS) -x -u -c $(top_builddir)/po/.intltool-merge-cache $(top_srcdir)/po $< $@'
INTLTOOL_PROP_RULE='%.prop:      %.prop.in      $(INTLTOOL_MERGE) $(wildcard $(top_srcdir)/po/*.po) ; $(INTLTOOL_V_MERGE)LC_ALL=C $(INTLTOOL_MERGE) $(INTLTOOL_V_MERGE_OPTIONS) -d -u -c $(top_builddir)/po/.intltool-merge-cache $(top_srcdir)/po $< $@'
INTLTOOL_SCHEMAS_RULE='%.schemas:   %.schemas.in   $(INTLTOOL_MERGE) $(wildcard $(top_srcdir)/po/*.po) ; $(INTLTOOL_V_MERGE)LC_ALL=C $(INTLTOOL_MERGE) $(INTLTOOL_V_MERGE_OPTIONS) -s -u -c $(top_builddir)/po/.intltool-merge-cache $(top_srcdir)/po $< $@'
INTLTOOL_SERVER_RULE='%.server:    %.server.in    $(INTLTOOL_MERGE) $(wildcard $(top_srcdir)/po/*.po) ; $(INTLTOOL_V_MERGE)LC_ALL=C $(INTLTOOL_MERGE) $(INTLTOOL_V_MERGE_OPTIONS) -o -u -c $(top_builddir)/po/.intltool-merge-cache $(top_srcdir)/po $< $@'
INTLTOOL_SERVICE_RULE='%.service: %.service.in   $(INTLTOOL_MERGE) $(wildcard $(top_srcdir)/po/*.po) ; $(INTLTOOL_V_MERGE)LC_ALL=C $(INTLTOOL_MERGE) $(INTLTOOL_V_MERGE_OPTIONS) -d -u -c $(top_builddir)/po/.intltool-merge-cache $(top_srcdir)/po $< $@'
INTLTOOL_SHEET_RULE='%.sheet:     %.sheet.in     $(INTLTOOL_MERGE) $(wildcard $(top_srcdir)/po/*.po) ; $(INTLTOOL_V_MERGE)LC_ALL=C $(INTLTOOL_MERGE) $(INTLTOOL_V_MERGE_OPTIONS) -x -u -c $(top_builddir)/po/.intltool-merge-cache $(top_srcdir)/po $< $@'
INTLTOOL_SOUNDLIST_RULE='%.soundlist: %.soundlist.in $(INTLTOOL_MERGE) $(wildcard $(top_srcdir)/po/*.po) ; $(INTLTOOL_V_MERGE)LC_ALL=C $(INTLTOOL_MERGE) $(INTLTOOL_V_MERGE_OPTIONS) -d -u -c $(top_builddir)/po/.intltool-merge-cache $(top_srcdir)/po $< $@'
INTLTOOL_THEME_RULE='%.theme:     %.theme.in     $(INTLTOOL_MERGE) $(wildcard $(top_srcdir)/po/*.po) ; $(INTLTOOL_V_MERGE)LC_ALL=C $(INTLTOOL_MERGE) $(INTLTOOL_V_MERGE_OPTIONS) -d -u -c $(top_builddir)/po/.intltool-merge-cache $(top_srcdir)/po $< $@'
INTLTOOL_UI_RULE='%.ui:        %.ui.in        $(INTLTOOL_MERGE) $(wildcard $(top_srcdir)/po/*.po) ; $(INTLTOOL_V_MERGE)LC_ALL=C $(INTLTOOL_MERGE) $(INTLTOOL_V_MERGE_OPTIONS) -x -u -c $(top_builddir)/po/.intltool-merge-cache $(top_srcdir)/po $< $@'
INTLTOOL_UPDATE='/usr/bin/intltool-update'
INTLTOOL_V_MERGE='$(INTLTOOL__v_MERGE_$(V))'
INTLTOOL_V_MERGE_OPTIONS='$(intltool__v_merge_options_$(V))'
INTLTOOL_XAM_RULE='%.xam:       %.xml.in       $(INTLTOOL_MERGE) $(wildcard $(top_srcdir)/po/*.po) ; $(INTLTOOL_V_MERGE)LC_ALL=C $(INTLTOOL_MERGE) $(INTLTOOL_V_MERGE_OPTIONS) -x -u -c $(top_builddir)/po/.intltool-merge-cache $(top_srcdir)/po $< $@'
INTLTOOL_XML_NOMERGE_RULE='%.xml:       %.xml.in       $(INTLTOOL_MERGE) ; $(INTLTOOL_V_MERGE)LC_ALL=C $(INTLTOOL_MERGE) $(INTLTOOL_V_MERGE_OPTIONS) -x -u --no-translations $< $@'
INTLTOOL_XML_RULE='%.xml:       %.xml.in       $(INTLTOOL_MERGE) $(wildcard $(top_srcdir)/po/*.po) ; $(INTLTOOL_V_MERGE)LC_ALL=C $(INTLTOOL_MERGE) $(INTLTOOL_V_MERGE_OPTIONS) -x -u -c $(top_builddir)/po/.intltool-merge-cache $(top_srcdir)/po $< $@'
INTLTOOL__v_MERGE_0='@echo "  ITMRG " $@;'
INTLTOOL__v_MERGE_='$(INTLTOOL__v_MERGE_$(AM_DEFAULT_VERBOSITY))'
IWLIB='-liw'
LD='/usr/bin/ld'
LDFLAGS='-ldl'
LIBOBJS=''
LIBS=''
LIBTOOL='$(SHELL) $(top_builddir)/libtool'
LIPO=''
LN_S='ln -s'
LTLIBOBJS=''
MAINT='#'
MAINTAINER_MODE_FALSE=''
MAINTAINER_MODE_TRUE='#'
MAKEINFO='${SHELL} /ARCH_Builds/archlinux-packages/mate-netspeed/src/mate-netspeed-1.2.0/missing --run makeinfo'
MANIFEST_TOOL=':'
MKDIR_P='/bin/mkdir -p'
MKINSTALLDIRS='./mkinstalldirs'
MSGFMT='/usr/bin/msgfmt'
MSGFMT_OPTS='-c'
MSGMERGE='/usr/bin/msgmerge'
NETSPEED_APPLET_CFLAGS=''
NETSPEED_APPLET_LIBS=''
NETSPEED_CFLAGS='-DMATECORBA2=1 -pthread -I/usr/include/panel-2.0 -I/usr/include/mateconf/2 -I/usr/include/gtk-2.0 -I/usr/include/libmatecomponentui-2.0 -I/usr/include/matecorba-2.0 -I/usr/include/glib-2.0 -I/usr/lib/glib-2.0/include -I/usr/lib/gtk-2.0/include -I/usr/include/atk-1.0 -I/usr/include/cairo -I/usr/include/gdk-pixbuf-2.0 -I/usr/include/pango-1.0 -I/usr/include/pixman-1 -I/usr/include/freetype2 -I/usr/include/libpng15 -I/usr/include/libxml2 -I/usr/include/libmatecomponent-2.0 -I/usr/include/libmatecanvas-2.0 -I/usr/include/libmate-2.0 -I/usr/include/matecomponent-activation-2.0 -I/usr/include/gail-1.0 -I/usr/include/libart-2.0 -I/usr/include/mate-vfs-2.0 -I/usr/lib/mate-vfs-2.0/include -I/usr/include/libgtop-2.0  '
NETSPEED_LIBS='-pthread -lmate-panel-applet-2 -lmateconf-2 -lmatecomponentui-2 -lmatecanvas-2 -lmate-2 -lpopt -lart_lgpl_2 -lgtk-x11-2.0 -lgdk-x11-2.0 -latk-1.0 -lgio-2.0 -lpangoft2-1.0 -lpangocairo-1.0 -lgdk_pixbuf-2.0 -lcairo -lpango-1.0 -lfreetype -lfontconfig -lmatecomponent-2 -lmatecomponent-activation -lgmodule-2.0 -lMateCORBA-2 -lgobject-2.0 -lgthread-2.0 -lrt -lgtop-2.0 -lglib-2.0  '
NM='/usr/bin/nm -B'
NMEDIT=''
OBJDUMP='objdump'
OBJEXT='o'
OMF_DIR='${datadir}/omf'
OTOOL64=''
OTOOL=''
PACKAGE='mate_netspeed_applet'
PACKAGE_BUGREPORT='https://github.com/mate-desktop/mate-netspeed'
PACKAGE_NAME='mate_netspeed_applet'
PACKAGE_STRING='mate_netspeed_applet 1.2.0'
PACKAGE_TARNAME='mate_netspeed_applet'
PACKAGE_URL=''
PACKAGE_VERSION='1.2.0'
PATH_SEPARATOR=':'
PKG_CONFIG='/usr/bin/pkg-config'
PKG_CONFIG_LIBDIR=''
PKG_CONFIG_PATH=''
POFILES=''
POSUB='po'
PO_IN_DATADIR_FALSE=''
PO_IN_DATADIR_TRUE=''
RANLIB='ranlib'
SED='/bin/sed'
SET_MAKE=''
SHELL='/bin/sh'
STRIP='strip'
USE_NLS='yes'
VERSION='1.2.0'
XGETTEXT='/usr/bin/xgettext'
ac_ct_AR='ar'
ac_ct_CC='gcc'
ac_ct_DUMPBIN=''
am__EXEEXT_FALSE=''
am__EXEEXT_TRUE='#'
am__fastdepCC_FALSE='#'
am__fastdepCC_TRUE=''
am__include='include'
am__isrc=''
am__leading_dot='.'
am__nodep='_no'
am__quote=''
am__tar='$${TAR-tar} chof - "$$tardir"'
am__untar='$${TAR-tar} xf -'
bindir='${exec_prefix}/bin'
build='i686-pc-linux-gnu'
build_alias=''
build_cpu='i686'
build_os='linux-gnu'
build_vendor='pc'
datadir='${datarootdir}'
datarootdir='${prefix}/share'
docdir='${datarootdir}/doc/${PACKAGE_TARNAME}'
dvidir='${docdir}'
exec_prefix='${prefix}'
host='i686-pc-linux-gnu'
host_alias=''
host_cpu='i686'
host_os='linux-gnu'
host_vendor='pc'
htmldir='${docdir}'
includedir='${prefix}/include'
infodir='${datarootdir}/info'
install_sh='${SHELL} /ARCH_Builds/archlinux-packages/mate-netspeed/src/mate-netspeed-1.2.0/install-sh'
intltool__v_merge_options_0='-q'
intltool__v_merge_options_='$(intltool__v_merge_options_$(AM_DEFAULT_VERBOSITY))'
libdir='${exec_prefix}/lib'
libexecdir='/usr/lib/mate-netspeed'
localedir='${datarootdir}/locale'
localstatedir='/var'
mandir='${datarootdir}/man'
mkdir_p='/bin/mkdir -p'
oldincludedir='/usr/include'
pdfdir='${docdir}'
prefix='/usr'
program_transform_name='s,x,x,'
psdir='${docdir}'
sbindir='${exec_prefix}/sbin'
sharedstatedir='${prefix}/com'
sysconfdir='/etc'
target_alias=''

## ----------- ##
## confdefs.h. ##
## ----------- ##

/* confdefs.h */
#define PACKAGE_NAME "mate_netspeed_applet"
#define PACKAGE_TARNAME "mate_netspeed_applet"
#define PACKAGE_VERSION "1.2.0"
#define PACKAGE_STRING "mate_netspeed_applet 1.2.0"
#define PACKAGE_BUGREPORT "https://github.com/mate-desktop/mate-netspeed"
#define PACKAGE_URL ""
#define PACKAGE "mate_netspeed_applet"
#define VERSION "1.2.0"
#define STDC_HEADERS 1
#define HAVE_SYS_TYPES_H 1
#define HAVE_SYS_STAT_H 1
#define HAVE_STDLIB_H 1
#define HAVE_STRING_H 1
#define HAVE_MEMORY_H 1
#define HAVE_STRINGS_H 1
#define HAVE_INTTYPES_H 1
#define HAVE_STDINT_H 1
#define HAVE_UNISTD_H 1
#define HAVE_DLFCN_H 1
#define LT_OBJDIR ".libs/"
#define HAVE_LOCALE_H 1
#define HAVE_LC_MESSAGES 1
#define HAVE_BIND_TEXTDOMAIN_CODESET 1
#define HAVE_GETTEXT 1
#define HAVE_DCGETTEXT 1
#define ENABLE_NLS 1
#define GETTEXT_PACKAGE "mate-netspeed"
#define HAVE_IW 1

configure: exit 0
