This file contains any messages produced by compilers while
running configure, to aid debugging if configure makes a mistake.

It was created by MateConf configure 1.1.0, which was
generated by GNU Autoconf 2.68.  Invocation command line was

  $ ./src/mate-conf/configure --enable-maintainer-mode

## --------- ##
## Platform. ##
## --------- ##

hostname = ONOC-1045357
uname -m = i686
uname -r = 3.2.1-1-ARCH
uname -s = Linux
uname -v = #1 SMP PREEMPT Fri Jan 13 06:50:31 CET 2012

/usr/bin/uname -p = unknown
/bin/uname -X     = unknown

/bin/arch              = i686
/usr/bin/arch -k       = unknown
/usr/convex/getsysinfo = unknown
/usr/bin/hostinfo      = unknown
/bin/machine           = unknown
/usr/bin/oslevel       = unknown
/bin/universe          = unknown

PATH: /usr/local/bin
PATH: /usr/bin
PATH: /bin
PATH: /usr/local/sbin
PATH: /usr/sbin
PATH: /sbin
PATH: /usr/bin/core_perl


## ----------- ##
## Core tests. ##
## ----------- ##

configure:2577: checking for a BSD-compatible install
configure:2645: result: /bin/install -c
configure:2656: checking whether build environment is sane
configure:2706: result: yes
configure:2847: checking for a thread-safe mkdir -p
configure:2886: result: /bin/mkdir -p
configure:2899: checking for gawk
configure:2915: found /usr/bin/gawk
configure:2926: result: gawk
configure:2937: checking whether make sets $(MAKE)
configure:2959: result: yes
configure:2983: error: source directory already configured; run "make distclean" there first

## ---------------- ##
## Cache variables. ##
## ---------------- ##

ac_cv_env_CCC_set=
ac_cv_env_CCC_value=
ac_cv_env_CC_set=
ac_cv_env_CC_value=
ac_cv_env_CFLAGS_set=
ac_cv_env_CFLAGS_value=
ac_cv_env_CPPFLAGS_set=
ac_cv_env_CPPFLAGS_value=
ac_cv_env_CPP_set=
ac_cv_env_CPP_value=
ac_cv_env_CXXCPP_set=
ac_cv_env_CXXCPP_value=
ac_cv_env_CXXFLAGS_set=
ac_cv_env_CXXFLAGS_value=
ac_cv_env_CXX_set=
ac_cv_env_CXX_value=
ac_cv_env_DEFAULTS_CFLAGS_set=
ac_cv_env_DEFAULTS_CFLAGS_value=
ac_cv_env_DEFAULTS_LIBS_set=
ac_cv_env_DEFAULTS_LIBS_value=
ac_cv_env_DEPENDENT_CFLAGS_set=
ac_cv_env_DEPENDENT_CFLAGS_value=
ac_cv_env_DEPENDENT_DBUS_CFLAGS_set=
ac_cv_env_DEPENDENT_DBUS_CFLAGS_value=
ac_cv_env_DEPENDENT_DBUS_LIBS_set=
ac_cv_env_DEPENDENT_DBUS_LIBS_value=
ac_cv_env_DEPENDENT_LIBS_set=
ac_cv_env_DEPENDENT_LIBS_value=
ac_cv_env_DEPENDENT_WITH_GTK_CFLAGS_set=
ac_cv_env_DEPENDENT_WITH_GTK_CFLAGS_value=
ac_cv_env_DEPENDENT_WITH_GTK_LIBS_set=
ac_cv_env_DEPENDENT_WITH_GTK_LIBS_value=
ac_cv_env_DEPENDENT_WITH_XML_AND_GTK_CFLAGS_set=
ac_cv_env_DEPENDENT_WITH_XML_AND_GTK_CFLAGS_value=
ac_cv_env_DEPENDENT_WITH_XML_AND_GTK_LIBS_set=
ac_cv_env_DEPENDENT_WITH_XML_AND_GTK_LIBS_value=
ac_cv_env_DEPENDENT_WITH_XML_CFLAGS_set=
ac_cv_env_DEPENDENT_WITH_XML_CFLAGS_value=
ac_cv_env_DEPENDENT_WITH_XML_LIBS_set=
ac_cv_env_DEPENDENT_WITH_XML_LIBS_value=
ac_cv_env_GSETTINGS_CFLAGS_set=
ac_cv_env_GSETTINGS_CFLAGS_value=
ac_cv_env_GSETTINGS_LIBS_set=
ac_cv_env_GSETTINGS_LIBS_value=
ac_cv_env_GTKDOC_DEPS_CFLAGS_set=
ac_cv_env_GTKDOC_DEPS_CFLAGS_value=
ac_cv_env_GTKDOC_DEPS_LIBS_set=
ac_cv_env_GTKDOC_DEPS_LIBS_value=
ac_cv_env_LDFLAGS_set=
ac_cv_env_LDFLAGS_value=
ac_cv_env_LIBS_set=
ac_cv_env_LIBS_value=
ac_cv_env_PKG_CONFIG_LIBDIR_set=
ac_cv_env_PKG_CONFIG_LIBDIR_value=
ac_cv_env_PKG_CONFIG_PATH_set=
ac_cv_env_PKG_CONFIG_PATH_value=
ac_cv_env_PKG_CONFIG_set=
ac_cv_env_PKG_CONFIG_value=
ac_cv_env_build_alias_set=
ac_cv_env_build_alias_value=
ac_cv_env_host_alias_set=
ac_cv_env_host_alias_value=
ac_cv_env_target_alias_set=
ac_cv_env_target_alias_value=
ac_cv_path_install='/bin/install -c'
ac_cv_path_mkdir=/bin/mkdir
ac_cv_prog_AWK=gawk
ac_cv_prog_make_make_set=yes

## ----------------- ##
## Output variables. ##
## ----------------- ##

ACLOCAL=''
ALL_LINGUAS=''
AMDEPBACKSLASH=''
AMDEP_FALSE=''
AMDEP_TRUE=''
AMTAR=''
AM_BACKSLASH=''
AM_DEFAULT_VERBOSITY=''
AR=''
AS=''
AUTOCONF=''
AUTOHEADER=''
AUTOMAKE=''
AWK='gawk'
CATALOGS=''
CATOBJEXT=''
CC=''
CCDEPMODE=''
CFLAGS=''
CPP=''
CPPFLAGS=''
CXX=''
CXXCPP=''
CXXDEPMODE=''
CXXFLAGS=''
CYGPATH_W=''
DATADIRNAME=''
DEFAULTS_CFLAGS=''
DEFAULTS_LIBS=''
DEFS=''
DEPDIR=''
DEPENDENT_CFLAGS=''
DEPENDENT_DBUS_CFLAGS=''
DEPENDENT_DBUS_LIBS=''
DEPENDENT_LIBS=''
DEPENDENT_WITH_GTK_CFLAGS=''
DEPENDENT_WITH_GTK_LIBS=''
DEPENDENT_WITH_XML_AND_GTK_CFLAGS=''
DEPENDENT_WITH_XML_AND_GTK_LIBS=''
DEPENDENT_WITH_XML_CFLAGS=''
DEPENDENT_WITH_XML_LIBS=''
DLLTOOL=''
DSYMUTIL=''
DUMPBIN=''
ECHO_C=''
ECHO_N='-n'
ECHO_T=''
EGREP=''
ENABLE_DEFAULTS_SERVICE_FALSE=''
ENABLE_DEFAULTS_SERVICE_TRUE=''
ENABLE_GSETTINGS_BACKEND_FALSE=''
ENABLE_GSETTINGS_BACKEND_TRUE=''
ENABLE_GTK_DOC_FALSE=''
ENABLE_GTK_DOC_TRUE=''
EXEEXT=''
FGREP=''
GETTEXT_PACKAGE=''
GIO_MODULE_DIR=''
GIO_QUERYMODULES=''
GLIB_GENMARSHAL=''
GMOFILES=''
GMSGFMT=''
GREP=''
GSETTINGS_CFLAGS=''
GSETTINGS_LIBS=''
GTKDOC_CHECK=''
GTKDOC_DEPS_CFLAGS=''
GTKDOC_DEPS_LIBS=''
GTKDOC_MKPDF=''
GTKDOC_REBASE=''
GTK_DOC_BUILD_HTML_FALSE=''
GTK_DOC_BUILD_HTML_TRUE=''
GTK_DOC_BUILD_PDF_FALSE=''
GTK_DOC_BUILD_PDF_TRUE=''
GTK_DOC_USE_LIBTOOL_FALSE=''
GTK_DOC_USE_LIBTOOL_TRUE=''
GTK_DOC_USE_REBASE_FALSE=''
GTK_DOC_USE_REBASE_TRUE=''
GTK_FALSE=''
GTK_TRUE=''
HAVE_INTROSPECTION_FALSE=''
HAVE_INTROSPECTION_TRUE=''
HTML_DIR=''
INSTALL_DATA='${INSTALL} -m 644'
INSTALL_PROGRAM='${INSTALL}'
INSTALL_SCRIPT='${INSTALL}'
INSTALL_STRIP_PROGRAM='$(install_sh) -c -s'
INSTOBJEXT=''
INTLLIBS=''
INTLTOOL_CAVES_RULE=''
INTLTOOL_DESKTOP_RULE=''
INTLTOOL_DIRECTORY_RULE=''
INTLTOOL_EXTRACT=''
INTLTOOL_KBD_RULE=''
INTLTOOL_KEYS_RULE=''
INTLTOOL_MERGE=''
INTLTOOL_OAF_RULE=''
INTLTOOL_PERL=''
INTLTOOL_POLICY_RULE=''
INTLTOOL_PONG_RULE=''
INTLTOOL_PROP_RULE=''
INTLTOOL_SCHEMAS_RULE=''
INTLTOOL_SERVER_RULE=''
INTLTOOL_SERVICE_RULE=''
INTLTOOL_SHEET_RULE=''
INTLTOOL_SOUNDLIST_RULE=''
INTLTOOL_THEME_RULE=''
INTLTOOL_UI_RULE=''
INTLTOOL_UPDATE=''
INTLTOOL_XAM_RULE=''
INTLTOOL_XML_NOMERGE_RULE=''
INTLTOOL_XML_RULE=''
INTROSPECTION_CFLAGS=''
INTROSPECTION_COMPILER=''
INTROSPECTION_GENERATE=''
INTROSPECTION_GIRDIR=''
INTROSPECTION_LIBS=''
INTROSPECTION_MAKEFILE=''
INTROSPECTION_SCANNER=''
INTROSPECTION_TYPELIBDIR=''
LD=''
LDAP_CFLAGS=''
LDAP_LIBS=''
LDAP_SUPPORT_FALSE=''
LDAP_SUPPORT_TRUE=''
LDFLAGS=''
LIBOBJS=''
LIBS=''
LIBTOOL=''
LIPO=''
LN_S=''
LTLIBOBJS=''
MAINT=''
MAINTAINER_MODE_FALSE=''
MAINTAINER_MODE_TRUE=''
MAJOR_VERSION=''
MAKEINFO=''
MANIFEST_TOOL=''
MATECONF_AGE=''
MATECONF_CURRENT=''
MATECONF_REVISION=''
MATECORBA_IDL=''
MKDIR_P='/bin/mkdir -p'
MKINSTALLDIRS=''
MSGFMT=''
MSGFMT_OPTS=''
MSGMERGE=''
NM=''
NMEDIT=''
OBJDUMP=''
OBJEXT=''
OS_WIN32_FALSE=''
OS_WIN32_TRUE=''
OTOOL64=''
OTOOL=''
PACKAGE=''
PACKAGE_BUGREPORT='https://github.com/perberos/mate-desktop-environment'
PACKAGE_NAME='MateConf'
PACKAGE_STRING='MateConf 1.1.0'
PACKAGE_TARNAME='MateConf'
PACKAGE_URL=''
PACKAGE_VERSION='1.1.0'
PATH_SEPARATOR=':'
PKG_CONFIG=''
PKG_CONFIG_LIBDIR=''
PKG_CONFIG_PATH=''
POFILES=''
POSUB=''
PO_IN_DATADIR_FALSE=''
PO_IN_DATADIR_TRUE=''
PTHREADS_FALSE=''
PTHREADS_TRUE=''
RANLIB=''
SED=''
SET_MAKE=''
SHELL='/bin/sh'
STRIP=''
USE_NLS=''
VERSION=''
XGETTEXT=''
absolute_top_srcdir=''
ac_ct_AR=''
ac_ct_CC=''
ac_ct_CXX=''
ac_ct_DUMPBIN=''
am__EXEEXT_FALSE=''
am__EXEEXT_TRUE=''
am__fastdepCC_FALSE=''
am__fastdepCC_TRUE=''
am__fastdepCXX_FALSE=''
am__fastdepCXX_TRUE=''
am__include=''
am__isrc=' -I$(srcdir)'
am__leading_dot='.'
am__nodep=''
am__quote=''
am__tar=''
am__untar=''
bindir='${exec_prefix}/bin'
build=''
build_alias=''
build_cpu=''
build_os=''
build_vendor=''
datadir='${datarootdir}'
datarootdir='${prefix}/share'
docdir='${datarootdir}/doc/${PACKAGE_TARNAME}'
dvidir='${docdir}'
exec_prefix='NONE'
host=''
host_alias=''
host_cpu=''
host_os=''
host_vendor=''
htmldir='${docdir}'
includedir='${prefix}/include'
infodir='${datarootdir}/info'
install_sh='${SHELL} /home/adam/mate/working/mate-conf/src/mate-conf/install-sh'
libdir='${exec_prefix}/lib'
libexecdir='${exec_prefix}/libexec'
localedir='${datarootdir}/locale'
localstatedir='${prefix}/var'
mandir='${datarootdir}/man'
mateconfdefaultpath=''
mkdir_p='/bin/mkdir -p'
oldincludedir='/usr/include'
pdfdir='${docdir}'
prefix='NONE'
program_transform_name='s,x,x,'
psdir='${docdir}'
sbindir='${exec_prefix}/sbin'
sharedstatedir='${prefix}/com'
sysconfdir='${prefix}/etc'
sysmateconfdir=''
target_alias=''
with_sysconfsubdir=''

## ----------- ##
## confdefs.h. ##
## ----------- ##

/* confdefs.h */
#define PACKAGE_NAME "MateConf"
#define PACKAGE_TARNAME "MateConf"
#define PACKAGE_VERSION "1.1.0"
#define PACKAGE_STRING "MateConf 1.1.0"
#define PACKAGE_BUGREPORT "https://github.com/perberos/mate-desktop-environment"
#define PACKAGE_URL ""

configure: exit 1
