This file contains any messages produced by compilers while
running configure, to aid debugging if configure makes a mistake.

It was created by mate-doc-utils configure 1.2.1, which was
generated by GNU Autoconf 2.68.  Invocation command line was

  $ ./configure --prefix=/usr --sysconfdir=/etc --mandir=/usr/share/man --localstatedir=/var --disable-scrollkeeper

## --------- ##
## Platform. ##
## --------- ##

hostname = ARCHBuildMachine
uname -m = i686
uname -r = 3.2.9-1-ARCH
uname -s = Linux
uname -v = #1 SMP PREEMPT Thu Mar 1 09:10:44 UTC 2012

/usr/bin/uname -p = unknown
/bin/uname -X     = unknown

/bin/arch              = unknown
/usr/bin/arch -k       = unknown
/usr/convex/getsysinfo = unknown
/usr/bin/hostinfo      = unknown
/bin/machine           = unknown
/usr/bin/oslevel       = unknown
/bin/universe          = unknown

PATH: /usr/local/bin
PATH: /usr/bin
PATH: /bin
PATH: /usr/local/sbin
PATH: /usr/sbin
PATH: /sbin
PATH: /usr/bin/core_perl


## ----------- ##
## Core tests. ##
## ----------- ##

configure:2280: checking for a BSD-compatible install
configure:2348: result: /bin/install -c
configure:2359: checking whether build environment is sane
configure:2409: result: yes
configure:2550: checking for a thread-safe mkdir -p
configure:2589: result: /bin/mkdir -p
configure:2602: checking for gawk
configure:2618: found /usr/bin/gawk
configure:2629: result: gawk
configure:2640: checking whether make sets $(MAKE)
configure:2662: result: yes
configure:2749: checking for gawk
configure:2776: result: gawk
configure:2794: checking whether ln -s works
configure:2798: result: yes
configure:2895: checking whether /usr/bin/python2 version >= 2.4
configure:2906: /usr/bin/python2 -c import sys # split strings by '.' and convert to numeric. Append some zeros # because we need at least 4 digits for the hex conversion. # map returns an iterator in Python 3.0 and a list in 2.x minver = list(map(int, '2.4'.split('.'))) + [0, 0, 0] minverhex = 0 # xrange is not present in Python 3.0 and range returns an iterator for i in list(range(0, 4)): minverhex = (minverhex << 8) + minver[i] sys.exit(sys.hexversion < minverhex)
configure:2909: $? = 0
configure:2911: result: yes
configure:3002: checking for /usr/bin/python2 version
configure:3009: result: 2.7
configure:3021: checking for /usr/bin/python2 platform
configure:3028: result: linux2
configure:3035: checking for /usr/bin/python2 script directory
configure:3063: result: ${prefix}/lib/python2.7/site-packages
configure:3072: checking for /usr/bin/python2 extension module directory
configure:3100: result: ${exec_prefix}/lib/python2.7/site-packages
configure:3169: checking for pkg-config
configure:3187: found /usr/bin/pkg-config
configure:3199: result: /usr/bin/pkg-config
configure:3224: checking pkg-config is at least version 0.9.0
configure:3227: result: yes
configure:3237: checking for MATE_DOC_UTILS
configure:3248: $PKG_CONFIG --exists --print-errors "
	libxml-2.0 >= 2.6.12
	libxslt    >= 1.1.8
	rarian
"
configure:3255: $? = 0
configure:3277: $PKG_CONFIG --exists --print-errors "
	libxml-2.0 >= 2.6.12
	libxslt    >= 1.1.8
	rarian
"
configure:3284: $? = 0
configure:3358: result: yes
configure:3371: checking whether NLS is requested
configure:3380: result: yes
configure:3396: checking for style of include used by make
configure:3424: result: GNU
configure:3495: checking for gcc
configure:3511: found /usr/bin/gcc
configure:3522: result: gcc
configure:3751: checking for C compiler version
configure:3760: gcc --version >&5
gcc (GCC) 4.6.3
Copyright (C) 2011 Free Software Foundation, Inc.
This is free software; see the source for copying conditions.  There is NO
warranty; not even for MERCHANTABILITY or FITNESS FOR A PARTICULAR PURPOSE.

configure:3771: $? = 0
configure:3760: gcc -v >&5
Using built-in specs.
COLLECT_GCC=gcc
COLLECT_LTO_WRAPPER=/usr/lib/gcc/i686-pc-linux-gnu/4.6.3/lto-wrapper
Target: i686-pc-linux-gnu
Configured with: /build/src/gcc-4.6.3/configure --prefix=/usr --libdir=/usr/lib --libexecdir=/usr/lib --mandir=/usr/share/man --infodir=/usr/share/info --with-bugurl=https://bugs.archlinux.org/ --enable-languages=c,c++,ada,fortran,go,lto,objc,obj-c++ --enable-shared --enable-threads=posix --with-system-zlib --enable-__cxa_atexit --disable-libunwind-exceptions --enable-clocale=gnu --disable-libstdcxx-pch --enable-libstdcxx-time --enable-gnu-unique-object --enable-linker-build-id --with-ppl --enable-cloog-backend=isl --enable-lto --enable-gold --enable-ld=default --enable-plugin --with-plugin-ld=ld.gold --disable-multilib --disable-libssp --enable-checking=release
Thread model: posix
gcc version 4.6.3 (GCC) 
configure:3771: $? = 0
configure:3760: gcc -V >&5
gcc: error: unrecognized option '-V'
gcc: fatal error: no input files
compilation terminated.
configure:3771: $? = 1
configure:3760: gcc -qversion >&5
gcc: error: unrecognized option '-qversion'
gcc: fatal error: no input files
compilation terminated.
configure:3771: $? = 1
configure:3791: checking whether the C compiler works
configure:3813: gcc -march=i686 -mtune=generic -O2 -pipe -fstack-protector --param=ssp-buffer-size=4 -D_FORTIFY_SOURCE=2  -Wl,-O1,--sort-common,--as-needed,-z,relro,--hash-style=gnu conftest.c  >&5
configure:3817: $? = 0
configure:3865: result: yes
configure:3868: checking for C compiler default output file name
configure:3870: result: a.out
configure:3876: checking for suffix of executables
configure:3883: gcc -o conftest -march=i686 -mtune=generic -O2 -pipe -fstack-protector --param=ssp-buffer-size=4 -D_FORTIFY_SOURCE=2  -Wl,-O1,--sort-common,--as-needed,-z,relro,--hash-style=gnu conftest.c  >&5
configure:3887: $? = 0
configure:3909: result: 
configure:3931: checking whether we are cross compiling
configure:3939: gcc -o conftest -march=i686 -mtune=generic -O2 -pipe -fstack-protector --param=ssp-buffer-size=4 -D_FORTIFY_SOURCE=2  -Wl,-O1,--sort-common,--as-needed,-z,relro,--hash-style=gnu conftest.c  >&5
configure:3943: $? = 0
configure:3950: ./conftest
configure:3954: $? = 0
configure:3969: result: no
configure:3974: checking for suffix of object files
configure:3996: gcc -c -march=i686 -mtune=generic -O2 -pipe -fstack-protector --param=ssp-buffer-size=4 -D_FORTIFY_SOURCE=2  conftest.c >&5
configure:4000: $? = 0
configure:4021: result: o
configure:4025: checking whether we are using the GNU C compiler
configure:4044: gcc -c -march=i686 -mtune=generic -O2 -pipe -fstack-protector --param=ssp-buffer-size=4 -D_FORTIFY_SOURCE=2  conftest.c >&5
configure:4044: $? = 0
configure:4053: result: yes
configure:4062: checking whether gcc accepts -g
configure:4082: gcc -c -g  conftest.c >&5
configure:4082: $? = 0
configure:4123: result: yes
configure:4140: checking for gcc option to accept ISO C89
configure:4204: gcc  -c -march=i686 -mtune=generic -O2 -pipe -fstack-protector --param=ssp-buffer-size=4 -D_FORTIFY_SOURCE=2  conftest.c >&5
configure:4204: $? = 0
configure:4217: result: none needed
configure:4239: checking dependency style of gcc
configure:4350: result: none
configure:4377: checking for intltool >= 0.35.0
configure:4384: result: 0.50.1 found
configure:4392: checking for intltool-update
configure:4410: found /usr/bin/intltool-update
configure:4422: result: /usr/bin/intltool-update
configure:4432: checking for intltool-merge
configure:4450: found /usr/bin/intltool-merge
configure:4462: result: /usr/bin/intltool-merge
configure:4472: checking for intltool-extract
configure:4490: found /usr/bin/intltool-extract
configure:4502: result: /usr/bin/intltool-extract
configure:4652: checking for xgettext
configure:4670: found /usr/bin/xgettext
configure:4682: result: /usr/bin/xgettext
configure:4692: checking for msgmerge
configure:4710: found /usr/bin/msgmerge
configure:4722: result: /usr/bin/msgmerge
configure:4732: checking for msgfmt
configure:4750: found /usr/bin/msgfmt
configure:4762: result: /usr/bin/msgfmt
configure:4772: checking for gmsgfmt
configure:4803: result: /usr/bin/msgfmt
configure:4823: checking for perl
configure:4841: found /usr/bin/perl
configure:4853: result: /usr/bin/perl
configure:4864: checking for perl >= 5.8.1
configure:4871: result: 5.14.2
configure:4875: checking for XML::Parser
configure:4878: result: ok
configure:4903: gcc -o conftest -march=i686 -mtune=generic -O2 -pipe -fstack-protector --param=ssp-buffer-size=4 -D_FORTIFY_SOURCE=2  -Wl,-O1,--sort-common,--as-needed,-z,relro,--hash-style=gnu conftest.c  >&5
configure:4903: $? = 0
configure:4934: checking how to run the C preprocessor
configure:4965: gcc -E  conftest.c
configure:4965: $? = 0
configure:4979: gcc -E  conftest.c
conftest.c:12:28: fatal error: ac_nonexistent.h: No such file or directory
compilation terminated.
configure:4979: $? = 1
configure: failed program was:
| /* confdefs.h */
| #define PACKAGE_NAME "mate-doc-utils"
| #define PACKAGE_TARNAME "mate-doc-utils"
| #define PACKAGE_VERSION "1.2.1"
| #define PACKAGE_STRING "mate-doc-utils 1.2.1"
| #define PACKAGE_BUGREPORT "https://github.com/mate-desktop/mate-doc-utils"
| #define PACKAGE_URL ""
| #define PACKAGE "mate-doc-utils"
| #define VERSION "1.2.1"
| #define GETTEXT_PACKAGE "mate-doc-utils"
| /* end confdefs.h.  */
| #include <ac_nonexistent.h>
configure:5004: result: gcc -E
configure:5024: gcc -E  conftest.c
configure:5024: $? = 0
configure:5038: gcc -E  conftest.c
conftest.c:12:28: fatal error: ac_nonexistent.h: No such file or directory
compilation terminated.
configure:5038: $? = 1
configure: failed program was:
| /* confdefs.h */
| #define PACKAGE_NAME "mate-doc-utils"
| #define PACKAGE_TARNAME "mate-doc-utils"
| #define PACKAGE_VERSION "1.2.1"
| #define PACKAGE_STRING "mate-doc-utils 1.2.1"
| #define PACKAGE_BUGREPORT "https://github.com/mate-desktop/mate-doc-utils"
| #define PACKAGE_URL ""
| #define PACKAGE "mate-doc-utils"
| #define VERSION "1.2.1"
| #define GETTEXT_PACKAGE "mate-doc-utils"
| /* end confdefs.h.  */
| #include <ac_nonexistent.h>
configure:5067: checking for grep that handles long lines and -e
configure:5125: result: /usr/bin/grep
configure:5130: checking for egrep
configure:5192: result: /usr/bin/grep -E
configure:5197: checking for ANSI C header files
configure:5217: gcc -c -march=i686 -mtune=generic -O2 -pipe -fstack-protector --param=ssp-buffer-size=4 -D_FORTIFY_SOURCE=2  conftest.c >&5
configure:5217: $? = 0
configure:5290: gcc -o conftest -march=i686 -mtune=generic -O2 -pipe -fstack-protector --param=ssp-buffer-size=4 -D_FORTIFY_SOURCE=2  -Wl,-O1,--sort-common,--as-needed,-z,relro,--hash-style=gnu conftest.c  >&5
configure:5290: $? = 0
configure:5290: ./conftest
configure:5290: $? = 0
configure:5301: result: yes
configure:5314: checking for sys/types.h
configure:5314: gcc -c -march=i686 -mtune=generic -O2 -pipe -fstack-protector --param=ssp-buffer-size=4 -D_FORTIFY_SOURCE=2  conftest.c >&5
configure:5314: $? = 0
configure:5314: result: yes
configure:5314: checking for sys/stat.h
configure:5314: gcc -c -march=i686 -mtune=generic -O2 -pipe -fstack-protector --param=ssp-buffer-size=4 -D_FORTIFY_SOURCE=2  conftest.c >&5
configure:5314: $? = 0
configure:5314: result: yes
configure:5314: checking for stdlib.h
configure:5314: gcc -c -march=i686 -mtune=generic -O2 -pipe -fstack-protector --param=ssp-buffer-size=4 -D_FORTIFY_SOURCE=2  conftest.c >&5
configure:5314: $? = 0
configure:5314: result: yes
configure:5314: checking for string.h
configure:5314: gcc -c -march=i686 -mtune=generic -O2 -pipe -fstack-protector --param=ssp-buffer-size=4 -D_FORTIFY_SOURCE=2  conftest.c >&5
configure:5314: $? = 0
configure:5314: result: yes
configure:5314: checking for memory.h
configure:5314: gcc -c -march=i686 -mtune=generic -O2 -pipe -fstack-protector --param=ssp-buffer-size=4 -D_FORTIFY_SOURCE=2  conftest.c >&5
configure:5314: $? = 0
configure:5314: result: yes
configure:5314: checking for strings.h
configure:5314: gcc -c -march=i686 -mtune=generic -O2 -pipe -fstack-protector --param=ssp-buffer-size=4 -D_FORTIFY_SOURCE=2  conftest.c >&5
configure:5314: $? = 0
configure:5314: result: yes
configure:5314: checking for inttypes.h
configure:5314: gcc -c -march=i686 -mtune=generic -O2 -pipe -fstack-protector --param=ssp-buffer-size=4 -D_FORTIFY_SOURCE=2  conftest.c >&5
configure:5314: $? = 0
configure:5314: result: yes
configure:5314: checking for stdint.h
configure:5314: gcc -c -march=i686 -mtune=generic -O2 -pipe -fstack-protector --param=ssp-buffer-size=4 -D_FORTIFY_SOURCE=2  conftest.c >&5
configure:5314: $? = 0
configure:5314: result: yes
configure:5314: checking for unistd.h
configure:5314: gcc -c -march=i686 -mtune=generic -O2 -pipe -fstack-protector --param=ssp-buffer-size=4 -D_FORTIFY_SOURCE=2  conftest.c >&5
configure:5314: $? = 0
configure:5314: result: yes
configure:5330: checking build system type
configure:5344: result: i686-pc-linux-gnu
configure:5364: checking host system type
configure:5377: result: i686-pc-linux-gnu
configure:5400: checking locale.h usability
configure:5400: gcc -c -march=i686 -mtune=generic -O2 -pipe -fstack-protector --param=ssp-buffer-size=4 -D_FORTIFY_SOURCE=2  conftest.c >&5
configure:5400: $? = 0
configure:5400: result: yes
configure:5400: checking locale.h presence
configure:5400: gcc -E  conftest.c
configure:5400: $? = 0
configure:5400: result: yes
configure:5400: checking for locale.h
configure:5400: result: yes
configure:5411: checking for LC_MESSAGES
configure:5427: gcc -o conftest -march=i686 -mtune=generic -O2 -pipe -fstack-protector --param=ssp-buffer-size=4 -D_FORTIFY_SOURCE=2  -Wl,-O1,--sort-common,--as-needed,-z,relro,--hash-style=gnu conftest.c  >&5
configure:5427: $? = 0
configure:5435: result: yes
configure:5452: checking libintl.h usability
configure:5452: gcc -c -march=i686 -mtune=generic -O2 -pipe -fstack-protector --param=ssp-buffer-size=4 -D_FORTIFY_SOURCE=2  conftest.c >&5
configure:5452: $? = 0
configure:5452: result: yes
configure:5452: checking libintl.h presence
configure:5452: gcc -E  conftest.c
configure:5452: $? = 0
configure:5452: result: yes
configure:5452: checking for libintl.h
configure:5452: result: yes
configure:5460: checking for ngettext in libc
configure:5478: gcc -o conftest -march=i686 -mtune=generic -O2 -pipe -fstack-protector --param=ssp-buffer-size=4 -D_FORTIFY_SOURCE=2  -Wl,-O1,--sort-common,--as-needed,-z,relro,--hash-style=gnu conftest.c  >&5
configure:5478: $? = 0
configure:5487: result: yes
configure:5491: checking for dgettext in libc
configure:5509: gcc -o conftest -march=i686 -mtune=generic -O2 -pipe -fstack-protector --param=ssp-buffer-size=4 -D_FORTIFY_SOURCE=2  -Wl,-O1,--sort-common,--as-needed,-z,relro,--hash-style=gnu conftest.c  >&5
configure:5509: $? = 0
configure:5518: result: yes
configure:5525: checking for bind_textdomain_codeset
configure:5525: gcc -o conftest -march=i686 -mtune=generic -O2 -pipe -fstack-protector --param=ssp-buffer-size=4 -D_FORTIFY_SOURCE=2  -Wl,-O1,--sort-common,--as-needed,-z,relro,--hash-style=gnu conftest.c  >&5
configure:5525: $? = 0
configure:5525: result: yes
configure:5801: checking for msgfmt
configure:5828: result: /usr/bin/msgfmt
configure:5839: checking for dcgettext
configure:5839: gcc -o conftest -march=i686 -mtune=generic -O2 -pipe -fstack-protector --param=ssp-buffer-size=4 -D_FORTIFY_SOURCE=2  -Wl,-O1,--sort-common,--as-needed,-z,relro,--hash-style=gnu conftest.c   >&5
conftest.c:49:6: warning: conflicting types for built-in function 'dcgettext' [enabled by default]
configure:5839: $? = 0
configure:5839: result: yes
configure:5849: checking if msgfmt accepts -c
configure:5864: $MSGFMT -c -o /dev/null conftest.foo
configure:5867: $? = 0
configure:5869: result: yes
configure:5879: checking for gmsgfmt
configure:5910: result: /usr/bin/msgfmt
configure:5920: checking for xgettext
configure:5947: result: /usr/bin/xgettext
configure:5966: gcc -o conftest -march=i686 -mtune=generic -O2 -pipe -fstack-protector --param=ssp-buffer-size=4 -D_FORTIFY_SOURCE=2  -Wl,-O1,--sort-common,--as-needed,-z,relro,--hash-style=gnu conftest.c   >&5
configure:5966: $? = 0
configure:6292: creating ./config.status

## ---------------------- ##
## Running config.status. ##
## ---------------------- ##

This file was extended by mate-doc-utils config.status 1.2.1, which was
generated by GNU Autoconf 2.68.  Invocation command line was

  CONFIG_FILES    = 
  CONFIG_HEADERS  = 
  CONFIG_LINKS    = 
  CONFIG_COMMANDS = 
  $ ./config.status 

on ARCHBuildMachine

config.status:927: creating Makefile
config.status:927: creating data/Makefile
config.status:927: creating data/icons/Makefile
config.status:927: creating data/icons/hicolor/Makefile
config.status:927: creating data/icons/hicolor/48x48/Makefile
config.status:927: creating data/icons/hicolor/48x48/status/Makefile
config.status:927: creating data/icons/hicolor/scalable/Makefile
config.status:927: creating data/icons/hicolor/scalable/status/Makefile
config.status:927: creating data/templates/Makefile
config.status:927: creating data/watermarks/Makefile
config.status:927: creating doc/Makefile
config.status:927: creating doc/mate-doc-make/Makefile
config.status:927: creating doc/xslt/Makefile
config.status:927: creating po/Makefile.in
config.status:927: creating rng/Makefile
config.status:927: creating rng/mallard/Makefile
config.status:927: creating tools/Makefile
config.status:927: creating tools/mate-doc-utils.pc
config.status:927: creating xslt/Makefile
config.status:927: creating xml2po/Makefile
config.status:927: creating xml2po/xml2po.pc
config.status:927: creating xml2po/xml2po/Makefile
config.status:927: creating xml2po/xml2po/modes/Makefile
config.status:927: creating xml2po/examples/Makefile
config.status:927: creating xslt/common/Makefile
config.status:927: creating xslt/docbook/Makefile
config.status:927: creating xslt/docbook/common/Makefile
config.status:927: creating xslt/docbook/html/Makefile
config.status:927: creating xslt/docbook/omf/Makefile
config.status:927: creating xslt/docbook/utils/Makefile
config.status:927: creating xslt/mallard/Makefile
config.status:927: creating xslt/mallard/cache/Makefile
config.status:927: creating xslt/mallard/common/Makefile
config.status:927: creating xslt/mallard/html/Makefile
config.status:927: creating xslt/gettext/Makefile
config.status:927: creating tools/mate-doc-tool
config.status:927: creating tools/mate-doc-prepare
config.status:1099: executing depfiles commands
config.status:1099: executing default-1 commands
config.status:1099: executing po/stamp-it commands

## ---------------- ##
## Cache variables. ##
## ---------------- ##

ac_cv_build=i686-pc-linux-gnu
ac_cv_c_compiler_gnu=yes
ac_cv_env_CC_set=
ac_cv_env_CC_value=
ac_cv_env_CFLAGS_set=set
ac_cv_env_CFLAGS_value='-march=i686 -mtune=generic -O2 -pipe -fstack-protector --param=ssp-buffer-size=4 -D_FORTIFY_SOURCE=2'
ac_cv_env_CPPFLAGS_set=
ac_cv_env_CPPFLAGS_value=
ac_cv_env_CPP_set=
ac_cv_env_CPP_value=
ac_cv_env_LDFLAGS_set=set
ac_cv_env_LDFLAGS_value=-Wl,-O1,--sort-common,--as-needed,-z,relro,--hash-style=gnu
ac_cv_env_LIBS_set=
ac_cv_env_LIBS_value=
ac_cv_env_MATE_DOC_UTILS_CFLAGS_set=
ac_cv_env_MATE_DOC_UTILS_CFLAGS_value=
ac_cv_env_MATE_DOC_UTILS_LIBS_set=
ac_cv_env_MATE_DOC_UTILS_LIBS_value=
ac_cv_env_PKG_CONFIG_LIBDIR_set=
ac_cv_env_PKG_CONFIG_LIBDIR_value=
ac_cv_env_PKG_CONFIG_PATH_set=
ac_cv_env_PKG_CONFIG_PATH_value=
ac_cv_env_PKG_CONFIG_set=
ac_cv_env_PKG_CONFIG_value=
ac_cv_env_PYTHON_set=set
ac_cv_env_PYTHON_value=/usr/bin/python2
ac_cv_env_build_alias_set=
ac_cv_env_build_alias_value=
ac_cv_env_host_alias_set=
ac_cv_env_host_alias_value=
ac_cv_env_target_alias_set=
ac_cv_env_target_alias_value=
ac_cv_func_bind_textdomain_codeset=yes
ac_cv_func_dcgettext=yes
ac_cv_header_inttypes_h=yes
ac_cv_header_libintl_h=yes
ac_cv_header_locale_h=yes
ac_cv_header_memory_h=yes
ac_cv_header_stdc=yes
ac_cv_header_stdint_h=yes
ac_cv_header_stdlib_h=yes
ac_cv_header_string_h=yes
ac_cv_header_strings_h=yes
ac_cv_header_sys_stat_h=yes
ac_cv_header_sys_types_h=yes
ac_cv_header_unistd_h=yes
ac_cv_host=i686-pc-linux-gnu
ac_cv_objext=o
ac_cv_path_EGREP='/usr/bin/grep -E'
ac_cv_path_GMSGFMT=/usr/bin/msgfmt
ac_cv_path_GREP=/usr/bin/grep
ac_cv_path_INTLTOOL_EXTRACT=/usr/bin/intltool-extract
ac_cv_path_INTLTOOL_MERGE=/usr/bin/intltool-merge
ac_cv_path_INTLTOOL_PERL=/usr/bin/perl
ac_cv_path_INTLTOOL_UPDATE=/usr/bin/intltool-update
ac_cv_path_MSGFMT=/usr/bin/msgfmt
ac_cv_path_MSGMERGE=/usr/bin/msgmerge
ac_cv_path_XGETTEXT=/usr/bin/xgettext
ac_cv_path_ac_pt_PKG_CONFIG=/usr/bin/pkg-config
ac_cv_path_install='/bin/install -c'
ac_cv_path_mkdir=/bin/mkdir
ac_cv_prog_AWK=gawk
ac_cv_prog_CPP='gcc -E'
ac_cv_prog_ac_ct_CC=gcc
ac_cv_prog_cc_c89=
ac_cv_prog_cc_g=yes
ac_cv_prog_make_make_set=yes
am_cv_CC_dependencies_compiler_type=none
am_cv_python_platform=linux2
am_cv_python_pyexecdir='${exec_prefix}/lib/python2.7/site-packages'
am_cv_python_pythondir='${prefix}/lib/python2.7/site-packages'
am_cv_python_version=2.7
am_cv_val_LC_MESSAGES=yes
gdu_cv_have_gdu=yes
gt_cv_func_dgettext_libc=yes
gt_cv_func_dgettext_libintl=no
gt_cv_func_ngettext_libc=yes
gt_cv_have_gettext=yes
pkg_cv_MATE_DOC_UTILS_CFLAGS='-I/usr/include/libxml2 -I/usr/include/rarian  '
pkg_cv_MATE_DOC_UTILS_LIBS='-lxslt -lz -lm -lxml2 -lrarian  '

## ----------------- ##
## Output variables. ##
## ----------------- ##

ACLOCAL='${SHELL} /ARCH_Builds/archlinux-packages/mate-doc-utils/src/mate-doc-utils-1.2.1/missing --run aclocal-1.11'
ALL_LINGUAS=''
AMDEPBACKSLASH='\'
AMDEP_FALSE='#'
AMDEP_TRUE=''
AMTAR='$${TAR-tar}'
AM_DEFAULT_VERBOSITY='1'
AUTOCONF='${SHELL} /ARCH_Builds/archlinux-packages/mate-doc-utils/src/mate-doc-utils-1.2.1/missing --run autoconf'
AUTOHEADER='${SHELL} /ARCH_Builds/archlinux-packages/mate-doc-utils/src/mate-doc-utils-1.2.1/missing --run autoheader'
AUTOMAKE='${SHELL} /ARCH_Builds/archlinux-packages/mate-doc-utils/src/mate-doc-utils-1.2.1/missing --run automake-1.11'
AWK='gawk'
CATALOGS=''
CATOBJEXT='.gmo'
CC='gcc'
CCDEPMODE='depmode=none'
CFLAGS='-march=i686 -mtune=generic -O2 -pipe -fstack-protector --param=ssp-buffer-size=4 -D_FORTIFY_SOURCE=2'
CPP='gcc -E'
CPPFLAGS=''
CYGPATH_W='echo'
DATADIRNAME='share'
DEFS='-DPACKAGE_NAME=\"mate-doc-utils\" -DPACKAGE_TARNAME=\"mate-doc-utils\" -DPACKAGE_VERSION=\"1.2.1\" -DPACKAGE_STRING=\"mate-doc-utils\ 1.2.1\" -DPACKAGE_BUGREPORT=\"https://github.com/mate-desktop/mate-doc-utils\" -DPACKAGE_URL=\"\" -DPACKAGE=\"mate-doc-utils\" -DVERSION=\"1.2.1\" -DGETTEXT_PACKAGE=\"mate-doc-utils\" -DSTDC_HEADERS=1 -DHAVE_SYS_TYPES_H=1 -DHAVE_SYS_STAT_H=1 -DHAVE_STDLIB_H=1 -DHAVE_STRING_H=1 -DHAVE_MEMORY_H=1 -DHAVE_STRINGS_H=1 -DHAVE_INTTYPES_H=1 -DHAVE_STDINT_H=1 -DHAVE_UNISTD_H=1 -DHAVE_LOCALE_H=1 -DHAVE_LC_MESSAGES=1 -DHAVE_BIND_TEXTDOMAIN_CODESET=1 -DHAVE_GETTEXT=1 -DHAVE_DCGETTEXT=1 -DENABLE_NLS=1'
DEPDIR='.deps'
DISTCHECK_CONFIGURE_FLAGS='--disable-scrollkeeper '
DOC_USER_FORMATS=''
ECHO_C=''
ECHO_N='-n'
ECHO_T=''
EGREP='/usr/bin/grep -E'
ENABLE_BUILD_UTILS_FALSE='#'
ENABLE_BUILD_UTILS_TRUE=''
ENABLE_SK_FALSE=''
ENABLE_SK_TRUE='#'
EXEEXT=''
GDU_AWK='gawk -W compat'
GETTEXT_PACKAGE='mate-doc-utils'
GMOFILES=''
GMSGFMT='/usr/bin/msgfmt'
GREP='/usr/bin/grep'
HAVE_MATE_DOC_UTILS_FALSE='#'
HAVE_MATE_DOC_UTILS_TRUE=''
HELP_DIR='${datadir}/mate/help'
INSTALL_DATA='${INSTALL} -m 644'
INSTALL_PROGRAM='${INSTALL}'
INSTALL_SCRIPT='${INSTALL}'
INSTALL_STRIP_PROGRAM='$(install_sh) -c -s'
INSTOBJEXT='.mo'
INTLLIBS=''
INTLTOOL_CAVES_RULE='%.caves:     %.caves.in     $(INTLTOOL_MERGE) $(wildcard $(top_srcdir)/po/*.po) ; $(INTLTOOL_V_MERGE)LC_ALL=C $(INTLTOOL_MERGE) $(INTLTOOL_V_MERGE_OPTIONS) -d -u -c $(top_builddir)/po/.intltool-merge-cache $(top_srcdir)/po $< $@'
INTLTOOL_DESKTOP_RULE='%.desktop:   %.desktop.in   $(INTLTOOL_MERGE) $(wildcard $(top_srcdir)/po/*.po) ; $(INTLTOOL_V_MERGE)LC_ALL=C $(INTLTOOL_MERGE) $(INTLTOOL_V_MERGE_OPTIONS) -d -u -c $(top_builddir)/po/.intltool-merge-cache $(top_srcdir)/po $< $@'
INTLTOOL_DIRECTORY_RULE='%.directory: %.directory.in $(INTLTOOL_MERGE) $(wildcard $(top_srcdir)/po/*.po) ; $(INTLTOOL_V_MERGE)LC_ALL=C $(INTLTOOL_MERGE) $(INTLTOOL_V_MERGE_OPTIONS) -d -u -c $(top_builddir)/po/.intltool-merge-cache $(top_srcdir)/po $< $@'
INTLTOOL_EXTRACT='/usr/bin/intltool-extract'
INTLTOOL_KBD_RULE='%.kbd:       %.kbd.in       $(INTLTOOL_MERGE) $(wildcard $(top_srcdir)/po/*.po) ; $(INTLTOOL_V_MERGE)LC_ALL=C $(INTLTOOL_MERGE) $(INTLTOOL_V_MERGE_OPTIONS) -x -u -m -c $(top_builddir)/po/.intltool-merge-cache $(top_srcdir)/po $< $@'
INTLTOOL_KEYS_RULE='%.keys:      %.keys.in      $(INTLTOOL_MERGE) $(wildcard $(top_srcdir)/po/*.po) ; $(INTLTOOL_V_MERGE)LC_ALL=C $(INTLTOOL_MERGE) $(INTLTOOL_V_MERGE_OPTIONS) -k -u -c $(top_builddir)/po/.intltool-merge-cache $(top_srcdir)/po $< $@'
INTLTOOL_MERGE='/usr/bin/intltool-merge'
INTLTOOL_OAF_RULE='%.oaf:       %.oaf.in       $(INTLTOOL_MERGE) $(wildcard $(top_srcdir)/po/*.po) ; $(INTLTOOL_V_MERGE)LC_ALL=C $(INTLTOOL_MERGE) $(INTLTOOL_V_MERGE_OPTIONS) -o -p $(top_srcdir)/po $< $@'
INTLTOOL_PERL='/usr/bin/perl'
INTLTOOL_POLICY_RULE='%.policy:    %.policy.in    $(INTLTOOL_MERGE) $(wildcard $(top_srcdir)/po/*.po) ; $(INTLTOOL_V_MERGE)LC_ALL=C $(INTLTOOL_MERGE) $(INTLTOOL_V_MERGE_OPTIONS) -x -u -c $(top_builddir)/po/.intltool-merge-cache $(top_srcdir)/po $< $@'
INTLTOOL_PONG_RULE='%.pong:      %.pong.in      $(INTLTOOL_MERGE) $(wildcard $(top_srcdir)/po/*.po) ; $(INTLTOOL_V_MERGE)LC_ALL=C $(INTLTOOL_MERGE) $(INTLTOOL_V_MERGE_OPTIONS) -x -u -c $(top_builddir)/po/.intltool-merge-cache $(top_srcdir)/po $< $@'
INTLTOOL_PROP_RULE='%.prop:      %.prop.in      $(INTLTOOL_MERGE) $(wildcard $(top_srcdir)/po/*.po) ; $(INTLTOOL_V_MERGE)LC_ALL=C $(INTLTOOL_MERGE) $(INTLTOOL_V_MERGE_OPTIONS) -d -u -c $(top_builddir)/po/.intltool-merge-cache $(top_srcdir)/po $< $@'
INTLTOOL_SCHEMAS_RULE='%.schemas:   %.schemas.in   $(INTLTOOL_MERGE) $(wildcard $(top_srcdir)/po/*.po) ; $(INTLTOOL_V_MERGE)LC_ALL=C $(INTLTOOL_MERGE) $(INTLTOOL_V_MERGE_OPTIONS) -s -u -c $(top_builddir)/po/.intltool-merge-cache $(top_srcdir)/po $< $@'
INTLTOOL_SERVER_RULE='%.server:    %.server.in    $(INTLTOOL_MERGE) $(wildcard $(top_srcdir)/po/*.po) ; $(INTLTOOL_V_MERGE)LC_ALL=C $(INTLTOOL_MERGE) $(INTLTOOL_V_MERGE_OPTIONS) -o -u -c $(top_builddir)/po/.intltool-merge-cache $(top_srcdir)/po $< $@'
INTLTOOL_SERVICE_RULE='%.service: %.service.in   $(INTLTOOL_MERGE) $(wildcard $(top_srcdir)/po/*.po) ; $(INTLTOOL_V_MERGE)LC_ALL=C $(INTLTOOL_MERGE) $(INTLTOOL_V_MERGE_OPTIONS) -d -u -c $(top_builddir)/po/.intltool-merge-cache $(top_srcdir)/po $< $@'
INTLTOOL_SHEET_RULE='%.sheet:     %.sheet.in     $(INTLTOOL_MERGE) $(wildcard $(top_srcdir)/po/*.po) ; $(INTLTOOL_V_MERGE)LC_ALL=C $(INTLTOOL_MERGE) $(INTLTOOL_V_MERGE_OPTIONS) -x -u -c $(top_builddir)/po/.intltool-merge-cache $(top_srcdir)/po $< $@'
INTLTOOL_SOUNDLIST_RULE='%.soundlist: %.soundlist.in $(INTLTOOL_MERGE) $(wildcard $(top_srcdir)/po/*.po) ; $(INTLTOOL_V_MERGE)LC_ALL=C $(INTLTOOL_MERGE) $(INTLTOOL_V_MERGE_OPTIONS) -d -u -c $(top_builddir)/po/.intltool-merge-cache $(top_srcdir)/po $< $@'
INTLTOOL_THEME_RULE='%.theme:     %.theme.in     $(INTLTOOL_MERGE) $(wildcard $(top_srcdir)/po/*.po) ; $(INTLTOOL_V_MERGE)LC_ALL=C $(INTLTOOL_MERGE) $(INTLTOOL_V_MERGE_OPTIONS) -d -u -c $(top_builddir)/po/.intltool-merge-cache $(top_srcdir)/po $< $@'
INTLTOOL_UI_RULE='%.ui:        %.ui.in        $(INTLTOOL_MERGE) $(wildcard $(top_srcdir)/po/*.po) ; $(INTLTOOL_V_MERGE)LC_ALL=C $(INTLTOOL_MERGE) $(INTLTOOL_V_MERGE_OPTIONS) -x -u -c $(top_builddir)/po/.intltool-merge-cache $(top_srcdir)/po $< $@'
INTLTOOL_UPDATE='/usr/bin/intltool-update'
INTLTOOL_V_MERGE='$(INTLTOOL__v_MERGE_$(V))'
INTLTOOL_V_MERGE_OPTIONS='$(intltool__v_merge_options_$(V))'
INTLTOOL_XAM_RULE='%.xam:       %.xml.in       $(INTLTOOL_MERGE) $(wildcard $(top_srcdir)/po/*.po) ; $(INTLTOOL_V_MERGE)LC_ALL=C $(INTLTOOL_MERGE) $(INTLTOOL_V_MERGE_OPTIONS) -x -u -c $(top_builddir)/po/.intltool-merge-cache $(top_srcdir)/po $< $@'
INTLTOOL_XML_NOMERGE_RULE='%.xml:       %.xml.in       $(INTLTOOL_MERGE) ; $(INTLTOOL_V_MERGE)LC_ALL=C $(INTLTOOL_MERGE) $(INTLTOOL_V_MERGE_OPTIONS) -x -u --no-translations $< $@'
INTLTOOL_XML_RULE='%.xml:       %.xml.in       $(INTLTOOL_MERGE) $(wildcard $(top_srcdir)/po/*.po) ; $(INTLTOOL_V_MERGE)LC_ALL=C $(INTLTOOL_MERGE) $(INTLTOOL_V_MERGE_OPTIONS) -x -u -c $(top_builddir)/po/.intltool-merge-cache $(top_srcdir)/po $< $@'
INTLTOOL__v_MERGE_0='@echo "  ITMRG " $@;'
INTLTOOL__v_MERGE_='$(INTLTOOL__v_MERGE_$(AM_DEFAULT_VERBOSITY))'
LDFLAGS='-Wl,-O1,--sort-common,--as-needed,-z,relro,--hash-style=gnu'
LIBOBJS=''
LIBS=''
LN_S='ln -s'
LTLIBOBJS=''
MAKEINFO='${SHELL} /ARCH_Builds/archlinux-packages/mate-doc-utils/src/mate-doc-utils-1.2.1/missing --run makeinfo'
MATE_DOC_UTILS_CFLAGS='-I/usr/include/libxml2 -I/usr/include/rarian  '
MATE_DOC_UTILS_LIBS='-lxslt -lz -lm -lxml2 -lrarian  '
MKDIR_P='/bin/mkdir -p'
MKINSTALLDIRS='./mkinstalldirs'
MSGFMT='/usr/bin/msgfmt'
MSGFMT_OPTS='-c'
MSGMERGE='/usr/bin/msgmerge'
OBJEXT='o'
OMF_DIR='${datadir}/omf'
PACKAGE='mate-doc-utils'
PACKAGE_BUGREPORT='https://github.com/mate-desktop/mate-doc-utils'
PACKAGE_NAME='mate-doc-utils'
PACKAGE_STRING='mate-doc-utils 1.2.1'
PACKAGE_TARNAME='mate-doc-utils'
PACKAGE_URL=''
PACKAGE_VERSION='1.2.1'
PATH_SEPARATOR=':'
PKG_CONFIG='/usr/bin/pkg-config'
PKG_CONFIG_LIBDIR=''
PKG_CONFIG_PATH=''
POFILES=''
POSUB='po'
PO_IN_DATADIR_FALSE=''
PO_IN_DATADIR_TRUE=''
PYTHON='/usr/bin/python2'
PYTHON_EXEC_PREFIX='${exec_prefix}'
PYTHON_PLATFORM='linux2'
PYTHON_PREFIX='${prefix}'
PYTHON_VERSION='2.7'
SET_MAKE=''
SHELL='/bin/sh'
STRIP=''
USE_NLS='yes'
VERSION='1.2.1'
XGETTEXT='/usr/bin/xgettext'
ac_ct_CC='gcc'
am__EXEEXT_FALSE=''
am__EXEEXT_TRUE='#'
am__fastdepCC_FALSE=''
am__fastdepCC_TRUE='#'
am__include='include'
am__isrc=''
am__leading_dot='.'
am__nodep='_no'
am__quote=''
am__tar='$${TAR-tar} chof - "$$tardir"'
am__untar='$${TAR-tar} xf -'
bindir='${exec_prefix}/bin'
build='i686-pc-linux-gnu'
build_alias=''
build_cpu='i686'
build_os='linux-gnu'
build_vendor='pc'
datadir='${datarootdir}'
datarootdir='${prefix}/share'
docdir='${datarootdir}/doc/${PACKAGE_TARNAME}'
dvidir='${docdir}'
exec_prefix='${prefix}'
host='i686-pc-linux-gnu'
host_alias=''
host_cpu='i686'
host_os='linux-gnu'
host_vendor='pc'
htmldir='${docdir}'
includedir='${prefix}/include'
infodir='${datarootdir}/info'
install_sh='${SHELL} /ARCH_Builds/archlinux-packages/mate-doc-utils/src/mate-doc-utils-1.2.1/install-sh'
intltool__v_merge_options_0='-q'
intltool__v_merge_options_='$(intltool__v_merge_options_$(AM_DEFAULT_VERBOSITY))'
libdir='${exec_prefix}/lib'
libexecdir='${exec_prefix}/libexec'
localedir='${datarootdir}/locale'
localstatedir='/var'
mandir='/usr/share/man'
mkdir_p='/bin/mkdir -p'
oldincludedir='/usr/include'
pdfdir='${docdir}'
pkgpyexecdir='${pyexecdir}/mate-doc-utils'
pkgpythondir='${pythondir}/mate-doc-utils'
prefix='/usr'
program_transform_name='s,x,x,'
psdir='${docdir}'
pyexecdir='${exec_prefix}/lib/python2.7/site-packages'
pythondir='${prefix}/lib/python2.7/site-packages'
sbindir='${exec_prefix}/sbin'
sharedstatedir='${prefix}/com'
sysconfdir='/etc'
target_alias=''

## ----------- ##
## confdefs.h. ##
## ----------- ##

/* confdefs.h */
#define PACKAGE_NAME "mate-doc-utils"
#define PACKAGE_TARNAME "mate-doc-utils"
#define PACKAGE_VERSION "1.2.1"
#define PACKAGE_STRING "mate-doc-utils 1.2.1"
#define PACKAGE_BUGREPORT "https://github.com/mate-desktop/mate-doc-utils"
#define PACKAGE_URL ""
#define PACKAGE "mate-doc-utils"
#define VERSION "1.2.1"
#define GETTEXT_PACKAGE "mate-doc-utils"
#define STDC_HEADERS 1
#define HAVE_SYS_TYPES_H 1
#define HAVE_SYS_STAT_H 1
#define HAVE_STDLIB_H 1
#define HAVE_STRING_H 1
#define HAVE_MEMORY_H 1
#define HAVE_STRINGS_H 1
#define HAVE_INTTYPES_H 1
#define HAVE_STDINT_H 1
#define HAVE_UNISTD_H 1
#define HAVE_LOCALE_H 1
#define HAVE_LC_MESSAGES 1
#define HAVE_BIND_TEXTDOMAIN_CODESET 1
#define HAVE_GETTEXT 1
#define HAVE_DCGETTEXT 1
#define ENABLE_NLS 1

configure: exit 0
